{"/home/vagrant/e-tutor/final_cms/api/models/subject.js":{"path":"/home/vagrant/e-tutor/final_cms/api/models/subject.js","statementMap":{"0":{"start":{"line":3,"column":17},"end":{"line":3,"column":36}},"1":{"start":{"line":4,"column":15},"end":{"line":4,"column":44}},"2":{"start":{"line":5,"column":21},"end":{"line":5,"column":47}},"3":{"start":{"line":6,"column":19},"end":{"line":6,"column":44}},"4":{"start":{"line":9,"column":23},"end":{"line":19,"column":2}},"5":{"start":{"line":21,"column":16},"end":{"line":21,"column":73}},"6":{"start":{"line":22,"column":0},"end":{"line":22,"column":41}},"7":{"start":{"line":25,"column":0},"end":{"line":27,"column":2}},"8":{"start":{"line":26,"column":4},"end":{"line":26,"column":31}},"9":{"start":{"line":30,"column":0},"end":{"line":32,"column":2}},"10":{"start":{"line":31,"column":4},"end":{"line":31,"column":35}},"11":{"start":{"line":35,"column":0},"end":{"line":38,"column":2}},"12":{"start":{"line":36,"column":18},"end":{"line":36,"column":30}},"13":{"start":{"line":37,"column":4},"end":{"line":37,"column":37}},"14":{"start":{"line":41,"column":0},"end":{"line":44,"column":2}},"15":{"start":{"line":42,"column":18},"end":{"line":42,"column":32}},"16":{"start":{"line":43,"column":4},"end":{"line":43,"column":37}},"17":{"start":{"line":47,"column":0},"end":{"line":52,"column":2}},"18":{"start":{"line":48,"column":18},"end":{"line":48,"column":42}},"19":{"start":{"line":51,"column":4},"end":{"line":51,"column":37}},"20":{"start":{"line":55,"column":0},"end":{"line":57,"column":2}},"21":{"start":{"line":56,"column":4},"end":{"line":56,"column":30}},"22":{"start":{"line":60,"column":0},"end":{"line":62,"column":2}},"23":{"start":{"line":61,"column":4},"end":{"line":61,"column":39}},"24":{"start":{"line":65,"column":0},"end":{"line":68,"column":2}},"25":{"start":{"line":66,"column":4},"end":{"line":66,"column":34}},"26":{"start":{"line":67,"column":4},"end":{"line":67,"column":27}},"27":{"start":{"line":71,"column":0},"end":{"line":73,"column":2}},"28":{"start":{"line":72,"column":4},"end":{"line":72,"column":42}},"29":{"start":{"line":76,"column":0},"end":{"line":79,"column":2}},"30":{"start":{"line":77,"column":4},"end":{"line":77,"column":51}},"31":{"start":{"line":78,"column":4},"end":{"line":78,"column":30}},"32":{"start":{"line":82,"column":0},"end":{"line":84,"column":2}},"33":{"start":{"line":83,"column":4},"end":{"line":83,"column":57}},"34":{"start":{"line":87,"column":0},"end":{"line":90,"column":2}},"35":{"start":{"line":88,"column":4},"end":{"line":88,"column":55}},"36":{"start":{"line":89,"column":4},"end":{"line":89,"column":30}}},"fnMap":{"0":{"name":"(anonymous_0)","decl":{"start":{"line":25,"column":32},"end":{"line":25,"column":33}},"loc":{"start":{"line":25,"column":51},"end":{"line":27,"column":1}},"line":25},"1":{"name":"(anonymous_1)","decl":{"start":{"line":30,"column":32},"end":{"line":30,"column":33}},"loc":{"start":{"line":30,"column":55},"end":{"line":32,"column":1}},"line":30},"2":{"name":"(anonymous_2)","decl":{"start":{"line":35,"column":34},"end":{"line":35,"column":35}},"loc":{"start":{"line":35,"column":59},"end":{"line":38,"column":1}},"line":35},"3":{"name":"(anonymous_3)","decl":{"start":{"line":41,"column":37},"end":{"line":41,"column":38}},"loc":{"start":{"line":41,"column":63},"end":{"line":44,"column":1}},"line":41},"4":{"name":"(anonymous_4)","decl":{"start":{"line":47,"column":39},"end":{"line":47,"column":40}},"loc":{"start":{"line":47,"column":70},"end":{"line":52,"column":1}},"line":47},"5":{"name":"(anonymous_5)","decl":{"start":{"line":55,"column":28},"end":{"line":55,"column":29}},"loc":{"start":{"line":55,"column":59},"end":{"line":57,"column":1}},"line":55},"6":{"name":"(anonymous_6)","decl":{"start":{"line":60,"column":29},"end":{"line":60,"column":30}},"loc":{"start":{"line":60,"column":70},"end":{"line":62,"column":1}},"line":60},"7":{"name":"(anonymous_7)","decl":{"start":{"line":65,"column":26},"end":{"line":65,"column":27}},"loc":{"start":{"line":65,"column":64},"end":{"line":68,"column":1}},"line":65},"8":{"name":"(anonymous_8)","decl":{"start":{"line":71,"column":32},"end":{"line":71,"column":33}},"loc":{"start":{"line":71,"column":76},"end":{"line":73,"column":1}},"line":71},"9":{"name":"(anonymous_9)","decl":{"start":{"line":76,"column":29},"end":{"line":76,"column":30}},"loc":{"start":{"line":76,"column":73},"end":{"line":79,"column":1}},"line":76},"10":{"name":"(anonymous_10)","decl":{"start":{"line":82,"column":29},"end":{"line":82,"column":30}},"loc":{"start":{"line":82,"column":70},"end":{"line":84,"column":1}},"line":82},"11":{"name":"(anonymous_11)","decl":{"start":{"line":87,"column":26},"end":{"line":87,"column":27}},"loc":{"start":{"line":87,"column":67},"end":{"line":90,"column":1}},"line":87}},"branchMap":{},"s":{"0":1,"1":1,"2":1,"3":1,"4":1,"5":1,"6":1,"7":1,"8":1,"9":1,"10":0,"11":1,"12":0,"13":0,"14":1,"15":0,"16":0,"17":1,"18":0,"19":0,"20":1,"21":1,"22":1,"23":0,"24":1,"25":0,"26":0,"27":1,"28":0,"29":1,"30":0,"31":0,"32":1,"33":0,"34":1,"35":0,"36":0},"f":{"0":1,"1":0,"2":0,"3":0,"4":0,"5":1,"6":0,"7":0,"8":0,"9":0,"10":0,"11":0},"b":{},"_coverageSchema":"d34fc3e6b8297bcde183f5492bcb8fcb36775295","hash":"b448cd2bf3c36c08e6e49caf6082264984d93b29","contentHash":"82e7ee10bdcb4e06cef9bde89fa1ae3d_12.0.2"},"/home/vagrant/e-tutor/final_cms/api/config/database.js":{"path":"/home/vagrant/e-tutor/final_cms/api/config/database.js","statementMap":{"0":{"start":{"line":1,"column":0},"end":{"line":1,"column":27}},"1":{"start":{"line":3,"column":0},"end":{"line":6,"column":2}}},"fnMap":{},"branchMap":{},"s":{"0":1,"1":1},"f":{},"b":{},"_coverageSchema":"d34fc3e6b8297bcde183f5492bcb8fcb36775295","hash":"5c674c244e5f26bcccf070759cc3b067f929deaf","contentHash":"dfa7c317f181b7baa5ba978646f1fc84_12.0.2"},"/home/vagrant/e-tutor/final_cms/api/models/topic.js":{"path":"/home/vagrant/e-tutor/final_cms/api/models/topic.js","statementMap":{"0":{"start":{"line":3,"column":17},"end":{"line":3,"column":36}},"1":{"start":{"line":4,"column":15},"end":{"line":4,"column":44}},"2":{"start":{"line":5,"column":25},"end":{"line":5,"column":55}},"3":{"start":{"line":8,"column":20},"end":{"line":14,"column":2}},"4":{"start":{"line":16,"column":14},"end":{"line":16,"column":50}},"5":{"start":{"line":17,"column":0},"end":{"line":17,"column":32}},"6":{"start":{"line":19,"column":0},"end":{"line":22,"column":2}},"7":{"start":{"line":20,"column":4},"end":{"line":20,"column":39}},"8":{"start":{"line":21,"column":4},"end":{"line":21,"column":27}},"9":{"start":{"line":25,"column":0},"end":{"line":27,"column":2}},"10":{"start":{"line":26,"column":4},"end":{"line":26,"column":30}}},"fnMap":{"0":{"name":"(anonymous_0)","decl":{"start":{"line":19,"column":29},"end":{"line":19,"column":30}},"loc":{"start":{"line":19,"column":76},"end":{"line":22,"column":1}},"line":19},"1":{"name":"(anonymous_1)","decl":{"start":{"line":25,"column":29},"end":{"line":25,"column":30}},"loc":{"start":{"line":25,"column":58},"end":{"line":27,"column":1}},"line":25}},"branchMap":{},"s":{"0":1,"1":1,"2":1,"3":1,"4":1,"5":1,"6":1,"7":0,"8":0,"9":1,"10":0},"f":{"0":0,"1":0},"b":{},"_coverageSchema":"d34fc3e6b8297bcde183f5492bcb8fcb36775295","hash":"605c0043cd060f0032139d088acff6a70f701ea1","contentHash":"bd8f6fd5c7214845b8b596752a59ad52_12.0.2"},"/home/vagrant/e-tutor/final_cms/api/models/sub_topic.js":{"path":"/home/vagrant/e-tutor/final_cms/api/models/sub_topic.js","statementMap":{"0":{"start":{"line":3,"column":17},"end":{"line":3,"column":36}},"1":{"start":{"line":4,"column":15},"end":{"line":4,"column":44}},"2":{"start":{"line":5,"column":21},"end":{"line":5,"column":47}},"3":{"start":{"line":8,"column":23},"end":{"line":12,"column":2}},"4":{"start":{"line":14,"column":14},"end":{"line":14,"column":56}},"5":{"start":{"line":15,"column":0},"end":{"line":15,"column":32}},"6":{"start":{"line":17,"column":0},"end":{"line":20,"column":2}},"7":{"start":{"line":18,"column":4},"end":{"line":18,"column":32}},"8":{"start":{"line":19,"column":4},"end":{"line":19,"column":27}}},"fnMap":{"0":{"name":"(anonymous_0)","decl":{"start":{"line":17,"column":26},"end":{"line":17,"column":27}},"loc":{"start":{"line":17,"column":71},"end":{"line":20,"column":1}},"line":17}},"branchMap":{},"s":{"0":1,"1":1,"2":1,"3":1,"4":1,"5":1,"6":1,"7":0,"8":0},"f":{"0":0},"b":{},"_coverageSchema":"d34fc3e6b8297bcde183f5492bcb8fcb36775295","hash":"902ea89a0cc1689c9be96b57dd8a6b2e2f7fadcb","contentHash":"0835abc111c301b7a1fc572a29d83d48_12.0.2"},"/home/vagrant/e-tutor/final_cms/api/models/video.js":{"path":"/home/vagrant/e-tutor/final_cms/api/models/video.js","statementMap":{"0":{"start":{"line":6,"column":17},"end":{"line":6,"column":36}},"1":{"start":{"line":7,"column":15},"end":{"line":7,"column":44}},"2":{"start":{"line":10,"column":19},"end":{"line":14,"column":2}},"3":{"start":{"line":16,"column":20},"end":{"line":16,"column":56}},"4":{"start":{"line":17,"column":0},"end":{"line":17,"column":38}},"5":{"start":{"line":22,"column":1},"end":{"line":29,"column":2}},"6":{"start":{"line":23,"column":25},"end":{"line":26,"column":5}},"7":{"start":{"line":28,"column":4},"end":{"line":28,"column":33}},"8":{"start":{"line":32,"column":1},"end":{"line":34,"column":2}},"9":{"start":{"line":33,"column":5},"end":{"line":33,"column":45}},"10":{"start":{"line":37,"column":1},"end":{"line":39,"column":2}},"11":{"start":{"line":38,"column":5},"end":{"line":38,"column":40}},"12":{"start":{"line":42,"column":1},"end":{"line":44,"column":1}},"13":{"start":{"line":43,"column":4},"end":{"line":43,"column":44}}},"fnMap":{"0":{"name":"(anonymous_0)","decl":{"start":{"line":22,"column":27},"end":{"line":22,"column":28}},"loc":{"start":{"line":22,"column":47},"end":{"line":29,"column":2}},"line":22},"1":{"name":"(anonymous_1)","decl":{"start":{"line":32,"column":28},"end":{"line":32,"column":29}},"loc":{"start":{"line":32,"column":49},"end":{"line":34,"column":2}},"line":32},"2":{"name":"(anonymous_2)","decl":{"start":{"line":37,"column":28},"end":{"line":37,"column":29}},"loc":{"start":{"line":37,"column":46},"end":{"line":39,"column":2}},"line":37},"3":{"name":"(anonymous_3)","decl":{"start":{"line":42,"column":30},"end":{"line":42,"column":31}},"loc":{"start":{"line":42,"column":48},"end":{"line":44,"column":1}},"line":42}},"branchMap":{},"s":{"0":1,"1":1,"2":1,"3":1,"4":1,"5":1,"6":0,"7":0,"8":1,"9":0,"10":1,"11":0,"12":1,"13":0},"f":{"0":0,"1":0,"2":0,"3":0},"b":{},"_coverageSchema":"d34fc3e6b8297bcde183f5492bcb8fcb36775295","hash":"65610615fa355fd3fcc351ae202a905e21a0e126","contentHash":"c67afd25b2fd20dc66d86bb40df93105_12.0.2"},"/home/vagrant/e-tutor/final_cms/api/models/user.js":{"path":"/home/vagrant/e-tutor/final_cms/api/models/user.js","statementMap":{"0":{"start":{"line":2,"column":17},"end":{"line":2,"column":36}},"1":{"start":{"line":3,"column":15},"end":{"line":3,"column":34}},"2":{"start":{"line":4,"column":16},"end":{"line":4,"column":44}},"3":{"start":{"line":5,"column":18},"end":{"line":5,"column":38}},"4":{"start":{"line":6,"column":24},"end":{"line":6,"column":60}},"5":{"start":{"line":9,"column":19},"end":{"line":45,"column":2}},"6":{"start":{"line":47,"column":0},"end":{"line":47,"column":75}},"7":{"start":{"line":49,"column":13},"end":{"line":49,"column":47}},"8":{"start":{"line":50,"column":0},"end":{"line":50,"column":31}},"9":{"start":{"line":53,"column":0},"end":{"line":55,"column":2}},"10":{"start":{"line":54,"column":4},"end":{"line":54,"column":32}},"11":{"start":{"line":58,"column":0},"end":{"line":61,"column":2}},"12":{"start":{"line":59,"column":18},"end":{"line":59,"column":32}},"13":{"start":{"line":60,"column":4},"end":{"line":60,"column":34}},"14":{"start":{"line":64,"column":0},"end":{"line":69,"column":2}},"15":{"start":{"line":65,"column":18},"end":{"line":65,"column":38}},"16":{"start":{"line":68,"column":4},"end":{"line":68,"column":34}},"17":{"start":{"line":72,"column":0},"end":{"line":84,"column":2}},"18":{"start":{"line":73,"column":4},"end":{"line":83,"column":7}},"19":{"start":{"line":74,"column":8},"end":{"line":82,"column":11}},"20":{"start":{"line":75,"column":12},"end":{"line":77,"column":13}},"21":{"start":{"line":76,"column":16},"end":{"line":76,"column":33}},"22":{"start":{"line":79,"column":12},"end":{"line":79,"column":36}},"23":{"start":{"line":81,"column":12},"end":{"line":81,"column":35}},"24":{"start":{"line":87,"column":0},"end":{"line":89,"column":2}},"25":{"start":{"line":88,"column":4},"end":{"line":88,"column":28}},"26":{"start":{"line":92,"column":0},"end":{"line":98,"column":2}},"27":{"start":{"line":93,"column":4},"end":{"line":97,"column":7}},"28":{"start":{"line":96,"column":8},"end":{"line":96,"column":32}},"29":{"start":{"line":101,"column":0},"end":{"line":104,"column":2}},"30":{"start":{"line":103,"column":4},"end":{"line":103,"column":41}},"31":{"start":{"line":106,"column":0},"end":{"line":108,"column":2}},"32":{"start":{"line":107,"column":4},"end":{"line":107,"column":31}},"33":{"start":{"line":110,"column":0},"end":{"line":112,"column":2}},"34":{"start":{"line":111,"column":4},"end":{"line":111,"column":31}},"35":{"start":{"line":114,"column":0},"end":{"line":114,"column":35}}},"fnMap":{"0":{"name":"(anonymous_0)","decl":{"start":{"line":53,"column":29},"end":{"line":53,"column":30}},"loc":{"start":{"line":53,"column":52},"end":{"line":55,"column":1}},"line":53},"1":{"name":"(anonymous_1)","decl":{"start":{"line":58,"column":32},"end":{"line":58,"column":33}},"loc":{"start":{"line":58,"column":58},"end":{"line":61,"column":1}},"line":58},"2":{"name":"(anonymous_2)","decl":{"start":{"line":64,"column":35},"end":{"line":64,"column":36}},"loc":{"start":{"line":64,"column":64},"end":{"line":69,"column":1}},"line":64},"3":{"name":"(anonymous_3)","decl":{"start":{"line":72,"column":25},"end":{"line":72,"column":26}},"loc":{"start":{"line":72,"column":53},"end":{"line":84,"column":1}},"line":72},"4":{"name":"(anonymous_4)","decl":{"start":{"line":73,"column":23},"end":{"line":73,"column":24}},"loc":{"start":{"line":73,"column":38},"end":{"line":83,"column":5}},"line":73},"5":{"name":"(anonymous_5)","decl":{"start":{"line":74,"column":44},"end":{"line":74,"column":45}},"loc":{"start":{"line":74,"column":59},"end":{"line":82,"column":9}},"line":74},"6":{"name":"(anonymous_6)","decl":{"start":{"line":87,"column":29},"end":{"line":87,"column":30}},"loc":{"start":{"line":87,"column":48},"end":{"line":89,"column":1}},"line":87},"7":{"name":"(anonymous_7)","decl":{"start":{"line":92,"column":33},"end":{"line":92,"column":34}},"loc":{"start":{"line":92,"column":77},"end":{"line":98,"column":1}},"line":92},"8":{"name":"(anonymous_8)","decl":{"start":{"line":93,"column":44},"end":{"line":93,"column":45}},"loc":{"start":{"line":93,"column":62},"end":{"line":97,"column":5}},"line":93},"9":{"name":"(anonymous_9)","decl":{"start":{"line":101,"column":24},"end":{"line":101,"column":25}},"loc":{"start":{"line":101,"column":48},"end":{"line":104,"column":1}},"line":101},"10":{"name":"(anonymous_10)","decl":{"start":{"line":106,"column":33},"end":{"line":106,"column":34}},"loc":{"start":{"line":106,"column":66},"end":{"line":108,"column":1}},"line":106},"11":{"name":"(anonymous_11)","decl":{"start":{"line":110,"column":38},"end":{"line":110,"column":39}},"loc":{"start":{"line":110,"column":71},"end":{"line":112,"column":1}},"line":110}},"branchMap":{"0":{"loc":{"start":{"line":75,"column":12},"end":{"line":77,"column":13}},"type":"if","locations":[{"start":{"line":75,"column":12},"end":{"line":77,"column":13}},{"start":{"line":75,"column":12},"end":{"line":77,"column":13}}],"line":75}},"s":{"0":1,"1":1,"2":1,"3":1,"4":1,"5":1,"6":1,"7":1,"8":1,"9":1,"10":0,"11":1,"12":0,"13":0,"14":1,"15":0,"16":0,"17":1,"18":0,"19":0,"20":0,"21":0,"22":0,"23":0,"24":1,"25":0,"26":1,"27":0,"28":0,"29":1,"30":0,"31":1,"32":0,"33":1,"34":0,"35":1},"f":{"0":0,"1":0,"2":0,"3":0,"4":0,"5":0,"6":0,"7":0,"8":0,"9":0,"10":0,"11":0},"b":{"0":[0,0]},"_coverageSchema":"d34fc3e6b8297bcde183f5492bcb8fcb36775295","hash":"5982b73a75e89d882e7c6ca482c110c96d3f0cfc","contentHash":"25017248e59df54d6905b5d55a39d22f_12.0.2"},"/home/vagrant/e-tutor/final_cms/api/app.js":{"path":"/home/vagrant/e-tutor/final_cms/api/app.js","statementMap":{"0":{"start":{"line":3,"column":16},"end":{"line":3,"column":34}},"1":{"start":{"line":4,"column":13},"end":{"line":4,"column":28}},"2":{"start":{"line":5,"column":19},"end":{"line":5,"column":41}},"3":{"start":{"line":6,"column":13},"end":{"line":6,"column":28}},"4":{"start":{"line":7,"column":17},"end":{"line":7,"column":36}},"5":{"start":{"line":8,"column":17},"end":{"line":8,"column":41}},"6":{"start":{"line":9,"column":20},"end":{"line":9,"column":42}},"7":{"start":{"line":10,"column":32},"end":{"line":10,"column":68}},"8":{"start":{"line":11,"column":15},"end":{"line":11,"column":32}},"9":{"start":{"line":12,"column":20},"end":{"line":12,"column":56}},"10":{"start":{"line":16,"column":0},"end":{"line":24,"column":1}},"11":{"start":{"line":17,"column":0},"end":{"line":17,"column":46}},"12":{"start":{"line":19,"column":11},"end":{"line":19,"column":30}},"13":{"start":{"line":20,"column":0},"end":{"line":20,"column":65}},"14":{"start":{"line":21,"column":0},"end":{"line":23,"column":3}},"15":{"start":{"line":22,"column":4},"end":{"line":22,"column":70}},"16":{"start":{"line":28,"column":13},"end":{"line":28,"column":42}},"17":{"start":{"line":29,"column":0},"end":{"line":33,"column":1}},"18":{"start":{"line":30,"column":0},"end":{"line":30,"column":41}},"19":{"start":{"line":32,"column":0},"end":{"line":32,"column":70}},"20":{"start":{"line":36,"column":13},"end":{"line":36,"column":17}},"21":{"start":{"line":39,"column":12},"end":{"line":39,"column":21}},"22":{"start":{"line":42,"column":14},"end":{"line":42,"column":44}},"23":{"start":{"line":43,"column":19},"end":{"line":43,"column":44}},"24":{"start":{"line":45,"column":17},"end":{"line":45,"column":50}},"25":{"start":{"line":46,"column":15},"end":{"line":46,"column":46}},"26":{"start":{"line":47,"column":16},"end":{"line":47,"column":48}},"27":{"start":{"line":48,"column":22},"end":{"line":48,"column":60}},"28":{"start":{"line":49,"column":20},"end":{"line":49,"column":55}},"29":{"start":{"line":50,"column":19},"end":{"line":50,"column":60}},"30":{"start":{"line":52,"column":0},"end":{"line":52,"column":23}},"31":{"start":{"line":55,"column":0},"end":{"line":57,"column":4}},"32":{"start":{"line":60,"column":0},"end":{"line":60,"column":56}},"33":{"start":{"line":63,"column":0},"end":{"line":63,"column":27}},"34":{"start":{"line":65,"column":0},"end":{"line":65,"column":25}},"35":{"start":{"line":66,"column":0},"end":{"line":66,"column":27}},"36":{"start":{"line":67,"column":0},"end":{"line":67,"column":41}},"37":{"start":{"line":68,"column":0},"end":{"line":68,"column":53}},"38":{"start":{"line":69,"column":0},"end":{"line":69,"column":49}},"39":{"start":{"line":70,"column":0},"end":{"line":70,"column":31}},"40":{"start":{"line":71,"column":0},"end":{"line":71,"column":35}},"41":{"start":{"line":72,"column":0},"end":{"line":72,"column":35}},"42":{"start":{"line":75,"column":0},"end":{"line":77,"column":3}},"43":{"start":{"line":76,"column":4},"end":{"line":76,"column":175}},"44":{"start":{"line":79,"column":0},"end":{"line":79,"column":21}}},"fnMap":{"0":{"name":"(anonymous_0)","decl":{"start":{"line":21,"column":16},"end":{"line":21,"column":17}},"loc":{"start":{"line":21,"column":27},"end":{"line":23,"column":1}},"line":21},"1":{"name":"(anonymous_1)","decl":{"start":{"line":75,"column":46},"end":{"line":75,"column":47}},"loc":{"start":{"line":75,"column":52},"end":{"line":77,"column":1}},"line":75}},"branchMap":{"0":{"loc":{"start":{"line":16,"column":0},"end":{"line":24,"column":1}},"type":"if","locations":[{"start":{"line":16,"column":0},"end":{"line":24,"column":1}},{"start":{"line":16,"column":0},"end":{"line":24,"column":1}}],"line":16},"1":{"loc":{"start":{"line":29,"column":0},"end":{"line":33,"column":1}},"type":"if","locations":[{"start":{"line":29,"column":0},"end":{"line":33,"column":1}},{"start":{"line":29,"column":0},"end":{"line":33,"column":1}}],"line":29},"2":{"loc":{"start":{"line":75,"column":11},"end":{"line":75,"column":44}},"type":"binary-expr","locations":[{"start":{"line":75,"column":11},"end":{"line":75,"column":36}},{"start":{"line":75,"column":40},"end":{"line":75,"column":44}}],"line":75},"3":{"loc":{"start":{"line":76,"column":85},"end":{"line":76,"column":118}},"type":"binary-expr","locations":[{"start":{"line":76,"column":85},"end":{"line":76,"column":110}},{"start":{"line":76,"column":114},"end":{"line":76,"column":118}}],"line":76}},"s":{"0":1,"1":1,"2":1,"3":1,"4":1,"5":1,"6":1,"7":1,"8":1,"9":1,"10":1,"11":1,"12":1,"13":1,"14":1,"15":1,"16":1,"17":1,"18":0,"19":0,"20":1,"21":1,"22":1,"23":1,"24":1,"25":1,"26":1,"27":1,"28":1,"29":1,"30":1,"31":1,"32":1,"33":1,"34":1,"35":1,"36":1,"37":1,"38":1,"39":1,"40":1,"41":1,"42":1,"43":1,"44":1},"f":{"0":1,"1":1},"b":{"0":[1,0],"1":[0,1],"2":[1,0],"3":[1,0]},"_coverageSchema":"d34fc3e6b8297bcde183f5492bcb8fcb36775295","hash":"11e08efda6135b331e5d5cfea28bf931da96134f","contentHash":"608bdc7eb30ce329e0910cf1254c9ff4_12.0.2"},"/home/vagrant/e-tutor/final_cms/api/subscriptions_scheduler.js":{"path":"/home/vagrant/e-tutor/final_cms/api/subscriptions_scheduler.js","statementMap":{"0":{"start":{"line":1,"column":21},"end":{"line":1,"column":53}},"1":{"start":{"line":2,"column":15},"end":{"line":2,"column":41}},"2":{"start":{"line":3,"column":17},"end":{"line":3,"column":43}},"3":{"start":{"line":6,"column":0},"end":{"line":11,"column":2}},"4":{"start":{"line":8,"column":24},"end":{"line":8,"column":45}},"5":{"start":{"line":10,"column":4},"end":{"line":10,"column":51}},"6":{"start":{"line":14,"column":4},"end":{"line":29,"column":7}},"7":{"start":{"line":16,"column":8},"end":{"line":28,"column":9}},"8":{"start":{"line":17,"column":12},"end":{"line":17,"column":45}},"9":{"start":{"line":18,"column":12},"end":{"line":18,"column":24}},"10":{"start":{"line":21,"column":24},"end":{"line":21,"column":32}},"11":{"start":{"line":22,"column":12},"end":{"line":27,"column":15}},"12":{"start":{"line":23,"column":16},"end":{"line":26,"column":17}},"13":{"start":{"line":24,"column":20},"end":{"line":24,"column":90}},"14":{"start":{"line":25,"column":20},"end":{"line":25,"column":53}},"15":{"start":{"line":35,"column":4},"end":{"line":45,"column":7}},"16":{"start":{"line":37,"column":8},"end":{"line":44,"column":9}},"17":{"start":{"line":38,"column":12},"end":{"line":38,"column":43}},"18":{"start":{"line":39,"column":12},"end":{"line":39,"column":25}},"19":{"start":{"line":42,"column":12},"end":{"line":42,"column":45}},"20":{"start":{"line":43,"column":12},"end":{"line":43,"column":24}}},"fnMap":{"0":{"name":"(anonymous_0)","decl":{"start":{"line":6,"column":36},"end":{"line":6,"column":37}},"loc":{"start":{"line":6,"column":40},"end":{"line":11,"column":1}},"line":6},"1":{"name":"getAllSubscriptions","decl":{"start":{"line":13,"column":9},"end":{"line":13,"column":28}},"loc":{"start":{"line":13,"column":31},"end":{"line":30,"column":1}},"line":13},"2":{"name":"(anonymous_2)","decl":{"start":{"line":14,"column":37},"end":{"line":14,"column":38}},"loc":{"start":{"line":14,"column":61},"end":{"line":29,"column":5}},"line":14},"3":{"name":"(anonymous_3)","decl":{"start":{"line":22,"column":34},"end":{"line":22,"column":35}},"loc":{"start":{"line":22,"column":58},"end":{"line":27,"column":13}},"line":22},"4":{"name":"deleteSubscription","decl":{"start":{"line":33,"column":9},"end":{"line":33,"column":27}},"loc":{"start":{"line":33,"column":41},"end":{"line":47,"column":1}},"line":33},"5":{"name":"(anonymous_5)","decl":{"start":{"line":35,"column":42},"end":{"line":35,"column":43}},"loc":{"start":{"line":35,"column":66},"end":{"line":45,"column":5}},"line":35}},"branchMap":{"0":{"loc":{"start":{"line":16,"column":8},"end":{"line":28,"column":9}},"type":"if","locations":[{"start":{"line":16,"column":8},"end":{"line":28,"column":9}},{"start":{"line":16,"column":8},"end":{"line":28,"column":9}}],"line":16},"1":{"loc":{"start":{"line":23,"column":16},"end":{"line":26,"column":17}},"type":"if","locations":[{"start":{"line":23,"column":16},"end":{"line":26,"column":17}},{"start":{"line":23,"column":16},"end":{"line":26,"column":17}}],"line":23},"2":{"loc":{"start":{"line":37,"column":8},"end":{"line":44,"column":9}},"type":"if","locations":[{"start":{"line":37,"column":8},"end":{"line":44,"column":9}},{"start":{"line":37,"column":8},"end":{"line":44,"column":9}}],"line":37}},"s":{"0":1,"1":1,"2":1,"3":1,"4":0,"5":0,"6":0,"7":0,"8":0,"9":0,"10":0,"11":0,"12":0,"13":0,"14":0,"15":0,"16":0,"17":0,"18":0,"19":0,"20":0},"f":{"0":0,"1":0,"2":0,"3":0,"4":0,"5":0},"b":{"0":[0,0],"1":[0,0],"2":[0,0]},"_coverageSchema":"d34fc3e6b8297bcde183f5492bcb8fcb36775295","hash":"6d872ae0287ae5959f1a16bf762d4ba6a9ebed25","contentHash":"85c7396dfaff5d93aaaad75f63a0e902_12.0.2"},"/home/vagrant/e-tutor/final_cms/api/models/subscription.js":{"path":"/home/vagrant/e-tutor/final_cms/api/models/subscription.js","statementMap":{"0":{"start":{"line":3,"column":17},"end":{"line":3,"column":36}},"1":{"start":{"line":4,"column":13},"end":{"line":4,"column":46}},"2":{"start":{"line":5,"column":15},"end":{"line":5,"column":44}},"3":{"start":{"line":8,"column":28},"end":{"line":15,"column":2}},"4":{"start":{"line":17,"column":14},"end":{"line":17,"column":64}},"5":{"start":{"line":18,"column":0},"end":{"line":18,"column":32}},"6":{"start":{"line":21,"column":0},"end":{"line":23,"column":2}},"7":{"start":{"line":22,"column":4},"end":{"line":22,"column":29}},"8":{"start":{"line":26,"column":0},"end":{"line":29,"column":2}},"9":{"start":{"line":27,"column":18},"end":{"line":27,"column":64}},"10":{"start":{"line":28,"column":4},"end":{"line":28,"column":35}},"11":{"start":{"line":32,"column":0},"end":{"line":35,"column":2}},"12":{"start":{"line":34,"column":4},"end":{"line":34,"column":35}},"13":{"start":{"line":38,"column":0},"end":{"line":41,"column":2}},"14":{"start":{"line":40,"column":4},"end":{"line":40,"column":41}}},"fnMap":{"0":{"name":"(anonymous_0)","decl":{"start":{"line":21,"column":37},"end":{"line":21,"column":38}},"loc":{"start":{"line":21,"column":56},"end":{"line":23,"column":1}},"line":21},"1":{"name":"(anonymous_1)","decl":{"start":{"line":26,"column":27},"end":{"line":26,"column":28}},"loc":{"start":{"line":26,"column":68},"end":{"line":29,"column":1}},"line":26},"2":{"name":"(anonymous_2)","decl":{"start":{"line":32,"column":33},"end":{"line":32,"column":34}},"loc":{"start":{"line":32,"column":69},"end":{"line":35,"column":1}},"line":32},"3":{"name":"(anonymous_3)","decl":{"start":{"line":38,"column":24},"end":{"line":38,"column":25}},"loc":{"start":{"line":38,"column":47},"end":{"line":41,"column":1}},"line":38}},"branchMap":{},"s":{"0":1,"1":1,"2":1,"3":1,"4":1,"5":1,"6":1,"7":0,"8":1,"9":0,"10":0,"11":1,"12":0,"13":1,"14":0},"f":{"0":0,"1":0,"2":0,"3":0},"b":{},"_coverageSchema":"d34fc3e6b8297bcde183f5492bcb8fcb36775295","hash":"129de4d6e6818921e20a4de0f1fd4cb13b5d47b5","contentHash":"46d41ac1f6ee950a40d541433d3b3a41_12.0.2"},"/home/vagrant/e-tutor/final_cms/api/models/coupon.js":{"path":"/home/vagrant/e-tutor/final_cms/api/models/coupon.js","statementMap":{"0":{"start":{"line":5,"column":17},"end":{"line":5,"column":36}},"1":{"start":{"line":6,"column":13},"end":{"line":6,"column":28}},"2":{"start":{"line":7,"column":15},"end":{"line":7,"column":44}},"3":{"start":{"line":8,"column":13},"end":{"line":8,"column":46}},"4":{"start":{"line":9,"column":21},"end":{"line":9,"column":47}},"5":{"start":{"line":12,"column":22},"end":{"line":20,"column":2}},"6":{"start":{"line":22,"column":15},"end":{"line":22,"column":53}},"7":{"start":{"line":23,"column":0},"end":{"line":23,"column":33}},"8":{"start":{"line":26,"column":0},"end":{"line":28,"column":2}},"9":{"start":{"line":27,"column":4},"end":{"line":27,"column":39}},"10":{"start":{"line":31,"column":0},"end":{"line":33,"column":2}},"11":{"start":{"line":32,"column":4},"end":{"line":32,"column":30}},"12":{"start":{"line":36,"column":0},"end":{"line":38,"column":2}},"13":{"start":{"line":37,"column":4},"end":{"line":37,"column":33}},"14":{"start":{"line":41,"column":0},"end":{"line":44,"column":2}},"15":{"start":{"line":42,"column":18},"end":{"line":42,"column":30}},"16":{"start":{"line":43,"column":4},"end":{"line":43,"column":36}},"17":{"start":{"line":47,"column":0},"end":{"line":50,"column":2}},"18":{"start":{"line":49,"column":4},"end":{"line":49,"column":29}},"19":{"start":{"line":53,"column":0},"end":{"line":55,"column":2}},"20":{"start":{"line":54,"column":4},"end":{"line":54,"column":76}}},"fnMap":{"0":{"name":"(anonymous_0)","decl":{"start":{"line":26,"column":28},"end":{"line":26,"column":29}},"loc":{"start":{"line":26,"column":49},"end":{"line":28,"column":1}},"line":26},"1":{"name":"(anonymous_1)","decl":{"start":{"line":31,"column":31},"end":{"line":31,"column":32}},"loc":{"start":{"line":31,"column":50},"end":{"line":33,"column":1}},"line":31},"2":{"name":"(anonymous_2)","decl":{"start":{"line":36,"column":31},"end":{"line":36,"column":32}},"loc":{"start":{"line":36,"column":54},"end":{"line":38,"column":1}},"line":36},"3":{"name":"(anonymous_3)","decl":{"start":{"line":41,"column":32},"end":{"line":41,"column":33}},"loc":{"start":{"line":41,"column":56},"end":{"line":44,"column":1}},"line":41},"4":{"name":"(anonymous_4)","decl":{"start":{"line":47,"column":27},"end":{"line":47,"column":28}},"loc":{"start":{"line":47,"column":57},"end":{"line":50,"column":1}},"line":47},"5":{"name":"(anonymous_5)","decl":{"start":{"line":53,"column":34},"end":{"line":53,"column":35}},"loc":{"start":{"line":53,"column":53},"end":{"line":55,"column":1}},"line":53}},"branchMap":{},"s":{"0":1,"1":1,"2":1,"3":1,"4":1,"5":1,"6":1,"7":1,"8":1,"9":0,"10":1,"11":0,"12":1,"13":0,"14":1,"15":0,"16":0,"17":1,"18":0,"19":1,"20":0},"f":{"0":0,"1":0,"2":0,"3":0,"4":0,"5":0},"b":{},"_coverageSchema":"d34fc3e6b8297bcde183f5492bcb8fcb36775295","hash":"66c7ef5e3fc49422634f8f03deb4055b330a3e0f","contentHash":"6838b91d407393e186d6368478251560_12.0.2"},"/home/vagrant/e-tutor/final_cms/api/routes/auth/verifyToken.js":{"path":"/home/vagrant/e-tutor/final_cms/api/routes/auth/verifyToken.js","statementMap":{"0":{"start":{"line":1,"column":10},"end":{"line":1,"column":33}},"1":{"start":{"line":2,"column":15},"end":{"line":2,"column":47}},"2":{"start":{"line":5,"column":15},"end":{"line":5,"column":39}},"3":{"start":{"line":6,"column":4},"end":{"line":7,"column":80}},"4":{"start":{"line":7,"column":8},"end":{"line":7,"column":80}},"5":{"start":{"line":8,"column":4},"end":{"line":14,"column":7}},"6":{"start":{"line":9,"column":8},"end":{"line":10,"column":95}},"7":{"start":{"line":10,"column":12},"end":{"line":10,"column":95}},"8":{"start":{"line":12,"column":8},"end":{"line":12,"column":32}},"9":{"start":{"line":13,"column":8},"end":{"line":13,"column":15}},"10":{"start":{"line":17,"column":0},"end":{"line":17,"column":29}}},"fnMap":{"0":{"name":"verifyToken","decl":{"start":{"line":4,"column":9},"end":{"line":4,"column":20}},"loc":{"start":{"line":4,"column":36},"end":{"line":15,"column":1}},"line":4},"1":{"name":"(anonymous_1)","decl":{"start":{"line":8,"column":37},"end":{"line":8,"column":38}},"loc":{"start":{"line":8,"column":60},"end":{"line":14,"column":5}},"line":8}},"branchMap":{"0":{"loc":{"start":{"line":6,"column":4},"end":{"line":7,"column":80}},"type":"if","locations":[{"start":{"line":6,"column":4},"end":{"line":7,"column":80}},{"start":{"line":6,"column":4},"end":{"line":7,"column":80}}],"line":6},"1":{"loc":{"start":{"line":9,"column":8},"end":{"line":10,"column":95}},"type":"if","locations":[{"start":{"line":9,"column":8},"end":{"line":10,"column":95}},{"start":{"line":9,"column":8},"end":{"line":10,"column":95}}],"line":9}},"s":{"0":1,"1":1,"2":1,"3":1,"4":0,"5":1,"6":1,"7":0,"8":1,"9":1,"10":1},"f":{"0":1,"1":1},"b":{"0":[0,1],"1":[0,1]},"_coverageSchema":"d34fc3e6b8297bcde183f5492bcb8fcb36775295","hash":"90d123aa0bc3a1451d397b71f4cbf0a2cdf30c5a","contentHash":"94256f196ae53c4ede4c62efaf752ab3_12.0.2"},"/home/vagrant/e-tutor/final_cms/api/routes/userRoutes.js":{"path":"/home/vagrant/e-tutor/final_cms/api/routes/userRoutes.js","statementMap":{"0":{"start":{"line":4,"column":16},"end":{"line":4,"column":34}},"1":{"start":{"line":5,"column":15},"end":{"line":5,"column":31}},"2":{"start":{"line":6,"column":12},"end":{"line":6,"column":35}},"3":{"start":{"line":7,"column":15},"end":{"line":7,"column":44}},"4":{"start":{"line":8,"column":17},"end":{"line":8,"column":36}},"5":{"start":{"line":9,"column":13},"end":{"line":9,"column":38}},"6":{"start":{"line":10,"column":14},"end":{"line":10,"column":39}},"7":{"start":{"line":11,"column":20},"end":{"line":11,"column":60}},"8":{"start":{"line":12,"column":20},"end":{"line":12,"column":57}},"9":{"start":{"line":15,"column":0},"end":{"line":36,"column":3}},"10":{"start":{"line":16,"column":18},"end":{"line":25,"column":6}},"11":{"start":{"line":27,"column":4},"end":{"line":35,"column":7}},"12":{"start":{"line":29,"column":8},"end":{"line":34,"column":9}},"13":{"start":{"line":30,"column":12},"end":{"line":30,"column":57}},"14":{"start":{"line":33,"column":12},"end":{"line":33,"column":63}},"15":{"start":{"line":39,"column":0},"end":{"line":82,"column":3}},"16":{"start":{"line":40,"column":18},"end":{"line":40,"column":32}},"17":{"start":{"line":41,"column":21},"end":{"line":41,"column":38}},"18":{"start":{"line":43,"column":4},"end":{"line":81,"column":7}},"19":{"start":{"line":44,"column":8},"end":{"line":44,"column":26}},"20":{"start":{"line":44,"column":16},"end":{"line":44,"column":26}},"21":{"start":{"line":45,"column":8},"end":{"line":47,"column":9}},"22":{"start":{"line":46,"column":12},"end":{"line":46,"column":91}},"23":{"start":{"line":49,"column":8},"end":{"line":80,"column":11}},"24":{"start":{"line":50,"column":12},"end":{"line":50,"column":30}},"25":{"start":{"line":50,"column":20},"end":{"line":50,"column":30}},"26":{"start":{"line":51,"column":12},"end":{"line":79,"column":13}},"27":{"start":{"line":53,"column":30},"end":{"line":58,"column":17}},"28":{"start":{"line":60,"column":30},"end":{"line":62,"column":18}},"29":{"start":{"line":65,"column":16},"end":{"line":75,"column":19}},"30":{"start":{"line":78,"column":16},"end":{"line":78,"column":87}},"31":{"start":{"line":85,"column":0},"end":{"line":87,"column":3}},"32":{"start":{"line":86,"column":4},"end":{"line":86,"column":31}},"33":{"start":{"line":90,"column":0},"end":{"line":100,"column":3}},"34":{"start":{"line":91,"column":4},"end":{"line":99,"column":7}},"35":{"start":{"line":93,"column":8},"end":{"line":98,"column":9}},"36":{"start":{"line":94,"column":12},"end":{"line":94,"column":67}},"37":{"start":{"line":97,"column":12},"end":{"line":97,"column":28}},"38":{"start":{"line":103,"column":0},"end":{"line":129,"column":3}},"39":{"start":{"line":104,"column":4},"end":{"line":128,"column":7}},"40":{"start":{"line":106,"column":8},"end":{"line":127,"column":9}},"41":{"start":{"line":107,"column":12},"end":{"line":107,"column":72}},"42":{"start":{"line":110,"column":15},"end":{"line":127,"column":9}},"43":{"start":{"line":111,"column":12},"end":{"line":111,"column":43}},"44":{"start":{"line":113,"column":12},"end":{"line":121,"column":15}},"45":{"start":{"line":114,"column":16},"end":{"line":120,"column":17}},"46":{"start":{"line":115,"column":20},"end":{"line":115,"column":90}},"47":{"start":{"line":117,"column":20},"end":{"line":119,"column":61}},"48":{"start":{"line":124,"column":12},"end":{"line":126,"column":80}},"49":{"start":{"line":132,"column":0},"end":{"line":153,"column":3}},"50":{"start":{"line":133,"column":4},"end":{"line":152,"column":7}},"51":{"start":{"line":135,"column":8},"end":{"line":151,"column":9}},"52":{"start":{"line":136,"column":12},"end":{"line":136,"column":75}},"53":{"start":{"line":139,"column":22},"end":{"line":139,"column":64}},"54":{"start":{"line":141,"column":12},"end":{"line":150,"column":14}},"55":{"start":{"line":142,"column":16},"end":{"line":149,"column":17}},"56":{"start":{"line":143,"column":20},"end":{"line":143,"column":69}},"57":{"start":{"line":145,"column":20},"end":{"line":148,"column":61}},"58":{"start":{"line":156,"column":0},"end":{"line":166,"column":3}},"59":{"start":{"line":157,"column":4},"end":{"line":165,"column":7}},"60":{"start":{"line":159,"column":8},"end":{"line":164,"column":9}},"61":{"start":{"line":160,"column":12},"end":{"line":160,"column":67}},"62":{"start":{"line":163,"column":12},"end":{"line":163,"column":54}},"63":{"start":{"line":169,"column":0},"end":{"line":187,"column":3}},"64":{"start":{"line":170,"column":4},"end":{"line":186,"column":7}},"65":{"start":{"line":172,"column":8},"end":{"line":185,"column":9}},"66":{"start":{"line":173,"column":12},"end":{"line":173,"column":39}},"67":{"start":{"line":176,"column":12},"end":{"line":184,"column":13}},"68":{"start":{"line":179,"column":12},"end":{"line":179,"column":39}},"69":{"start":{"line":183,"column":12},"end":{"line":183,"column":38}},"70":{"start":{"line":189,"column":0},"end":{"line":197,"column":3}},"71":{"start":{"line":190,"column":4},"end":{"line":196,"column":6}},"72":{"start":{"line":191,"column":8},"end":{"line":195,"column":9}},"73":{"start":{"line":192,"column":12},"end":{"line":192,"column":32}},"74":{"start":{"line":194,"column":12},"end":{"line":194,"column":27}},"75":{"start":{"line":200,"column":0},"end":{"line":209,"column":3}},"76":{"start":{"line":201,"column":4},"end":{"line":208,"column":7}},"77":{"start":{"line":202,"column":8},"end":{"line":207,"column":9}},"78":{"start":{"line":203,"column":12},"end":{"line":203,"column":29}},"79":{"start":{"line":206,"column":12},"end":{"line":206,"column":27}},"80":{"start":{"line":212,"column":0},"end":{"line":212,"column":69}},"81":{"start":{"line":215,"column":0},"end":{"line":215,"column":65}},"82":{"start":{"line":218,"column":0},"end":{"line":218,"column":67}},"83":{"start":{"line":221,"column":0},"end":{"line":221,"column":63}},"84":{"start":{"line":223,"column":0},"end":{"line":223,"column":24}}},"fnMap":{"0":{"name":"(anonymous_0)","decl":{"start":{"line":15,"column":25},"end":{"line":15,"column":26}},"loc":{"start":{"line":15,"column":45},"end":{"line":36,"column":1}},"line":15},"1":{"name":"(anonymous_1)","decl":{"start":{"line":27,"column":26},"end":{"line":27,"column":27}},"loc":{"start":{"line":27,"column":41},"end":{"line":35,"column":5}},"line":27},"2":{"name":"(anonymous_2)","decl":{"start":{"line":39,"column":29},"end":{"line":39,"column":30}},"loc":{"start":{"line":39,"column":49},"end":{"line":82,"column":1}},"line":39},"3":{"name":"(anonymous_3)","decl":{"start":{"line":43,"column":31},"end":{"line":43,"column":32}},"loc":{"start":{"line":43,"column":46},"end":{"line":81,"column":5}},"line":43},"4":{"name":"(anonymous_4)","decl":{"start":{"line":49,"column":54},"end":{"line":49,"column":55}},"loc":{"start":{"line":49,"column":72},"end":{"line":80,"column":9}},"line":49},"5":{"name":"(anonymous_5)","decl":{"start":{"line":85,"column":36},"end":{"line":85,"column":37}},"loc":{"start":{"line":85,"column":56},"end":{"line":87,"column":1}},"line":85},"6":{"name":"(anonymous_6)","decl":{"start":{"line":90,"column":32},"end":{"line":90,"column":33}},"loc":{"start":{"line":90,"column":52},"end":{"line":100,"column":1}},"line":90},"7":{"name":"(anonymous_7)","decl":{"start":{"line":91,"column":21},"end":{"line":91,"column":22}},"loc":{"start":{"line":91,"column":37},"end":{"line":99,"column":5}},"line":91},"8":{"name":"(anonymous_8)","decl":{"start":{"line":103,"column":53},"end":{"line":103,"column":54}},"loc":{"start":{"line":103,"column":73},"end":{"line":129,"column":1}},"line":103},"9":{"name":"(anonymous_9)","decl":{"start":{"line":104,"column":42},"end":{"line":104,"column":43}},"loc":{"start":{"line":104,"column":57},"end":{"line":128,"column":5}},"line":104},"10":{"name":"(anonymous_10)","decl":{"start":{"line":113,"column":39},"end":{"line":113,"column":40}},"loc":{"start":{"line":113,"column":58},"end":{"line":121,"column":13}},"line":113},"11":{"name":"(anonymous_11)","decl":{"start":{"line":132,"column":59},"end":{"line":132,"column":60}},"loc":{"start":{"line":132,"column":80},"end":{"line":153,"column":1}},"line":132},"12":{"name":"(anonymous_12)","decl":{"start":{"line":133,"column":42},"end":{"line":133,"column":43}},"loc":{"start":{"line":133,"column":57},"end":{"line":152,"column":5}},"line":133},"13":{"name":"(anonymous_13)","decl":{"start":{"line":141,"column":44},"end":{"line":141,"column":45}},"loc":{"start":{"line":141,"column":63},"end":{"line":150,"column":13}},"line":141},"14":{"name":"(anonymous_14)","decl":{"start":{"line":156,"column":45},"end":{"line":156,"column":46}},"loc":{"start":{"line":156,"column":66},"end":{"line":166,"column":1}},"line":156},"15":{"name":"(anonymous_15)","decl":{"start":{"line":157,"column":42},"end":{"line":157,"column":43}},"loc":{"start":{"line":157,"column":57},"end":{"line":165,"column":5}},"line":157},"16":{"name":"(anonymous_16)","decl":{"start":{"line":169,"column":67},"end":{"line":169,"column":68}},"loc":{"start":{"line":169,"column":88},"end":{"line":187,"column":1}},"line":169},"17":{"name":"(anonymous_17)","decl":{"start":{"line":170,"column":42},"end":{"line":170,"column":43}},"loc":{"start":{"line":170,"column":57},"end":{"line":186,"column":5}},"line":170},"18":{"name":"(anonymous_18)","decl":{"start":{"line":189,"column":36},"end":{"line":189,"column":37}},"loc":{"start":{"line":189,"column":54},"end":{"line":197,"column":1}},"line":189},"19":{"name":"(anonymous_19)","decl":{"start":{"line":190,"column":36},"end":{"line":190,"column":37}},"loc":{"start":{"line":190,"column":49},"end":{"line":196,"column":5}},"line":190},"20":{"name":"(anonymous_20)","decl":{"start":{"line":200,"column":41},"end":{"line":200,"column":42}},"loc":{"start":{"line":200,"column":67},"end":{"line":209,"column":1}},"line":200},"21":{"name":"(anonymous_21)","decl":{"start":{"line":201,"column":31},"end":{"line":201,"column":32}},"loc":{"start":{"line":201,"column":52},"end":{"line":208,"column":5}},"line":201}},"branchMap":{"0":{"loc":{"start":{"line":29,"column":8},"end":{"line":34,"column":9}},"type":"if","locations":[{"start":{"line":29,"column":8},"end":{"line":34,"column":9}},{"start":{"line":29,"column":8},"end":{"line":34,"column":9}}],"line":29},"1":{"loc":{"start":{"line":44,"column":8},"end":{"line":44,"column":26}},"type":"if","locations":[{"start":{"line":44,"column":8},"end":{"line":44,"column":26}},{"start":{"line":44,"column":8},"end":{"line":44,"column":26}}],"line":44},"2":{"loc":{"start":{"line":45,"column":8},"end":{"line":47,"column":9}},"type":"if","locations":[{"start":{"line":45,"column":8},"end":{"line":47,"column":9}},{"start":{"line":45,"column":8},"end":{"line":47,"column":9}}],"line":45},"3":{"loc":{"start":{"line":50,"column":12},"end":{"line":50,"column":30}},"type":"if","locations":[{"start":{"line":50,"column":12},"end":{"line":50,"column":30}},{"start":{"line":50,"column":12},"end":{"line":50,"column":30}}],"line":50},"4":{"loc":{"start":{"line":51,"column":12},"end":{"line":79,"column":13}},"type":"if","locations":[{"start":{"line":51,"column":12},"end":{"line":79,"column":13}},{"start":{"line":51,"column":12},"end":{"line":79,"column":13}}],"line":51},"5":{"loc":{"start":{"line":93,"column":8},"end":{"line":98,"column":9}},"type":"if","locations":[{"start":{"line":93,"column":8},"end":{"line":98,"column":9}},{"start":{"line":93,"column":8},"end":{"line":98,"column":9}}],"line":93},"6":{"loc":{"start":{"line":106,"column":8},"end":{"line":127,"column":9}},"type":"if","locations":[{"start":{"line":106,"column":8},"end":{"line":127,"column":9}},{"start":{"line":106,"column":8},"end":{"line":127,"column":9}}],"line":106},"7":{"loc":{"start":{"line":110,"column":15},"end":{"line":127,"column":9}},"type":"if","locations":[{"start":{"line":110,"column":15},"end":{"line":127,"column":9}},{"start":{"line":110,"column":15},"end":{"line":127,"column":9}}],"line":110},"8":{"loc":{"start":{"line":114,"column":16},"end":{"line":120,"column":17}},"type":"if","locations":[{"start":{"line":114,"column":16},"end":{"line":120,"column":17}},{"start":{"line":114,"column":16},"end":{"line":120,"column":17}}],"line":114},"9":{"loc":{"start":{"line":135,"column":8},"end":{"line":151,"column":9}},"type":"if","locations":[{"start":{"line":135,"column":8},"end":{"line":151,"column":9}},{"start":{"line":135,"column":8},"end":{"line":151,"column":9}}],"line":135},"10":{"loc":{"start":{"line":142,"column":16},"end":{"line":149,"column":17}},"type":"if","locations":[{"start":{"line":142,"column":16},"end":{"line":149,"column":17}},{"start":{"line":142,"column":16},"end":{"line":149,"column":17}}],"line":142},"11":{"loc":{"start":{"line":159,"column":8},"end":{"line":164,"column":9}},"type":"if","locations":[{"start":{"line":159,"column":8},"end":{"line":164,"column":9}},{"start":{"line":159,"column":8},"end":{"line":164,"column":9}}],"line":159},"12":{"loc":{"start":{"line":172,"column":8},"end":{"line":185,"column":9}},"type":"if","locations":[{"start":{"line":172,"column":8},"end":{"line":185,"column":9}},{"start":{"line":172,"column":8},"end":{"line":185,"column":9}}],"line":172},"13":{"loc":{"start":{"line":176,"column":12},"end":{"line":184,"column":13}},"type":"if","locations":[{"start":{"line":176,"column":12},"end":{"line":184,"column":13}},{"start":{"line":176,"column":12},"end":{"line":184,"column":13}}],"line":176},"14":{"loc":{"start":{"line":191,"column":8},"end":{"line":195,"column":9}},"type":"if","locations":[{"start":{"line":191,"column":8},"end":{"line":195,"column":9}},{"start":{"line":191,"column":8},"end":{"line":195,"column":9}}],"line":191},"15":{"loc":{"start":{"line":202,"column":8},"end":{"line":207,"column":9}},"type":"if","locations":[{"start":{"line":202,"column":8},"end":{"line":207,"column":9}},{"start":{"line":202,"column":8},"end":{"line":207,"column":9}}],"line":202}},"s":{"0":1,"1":1,"2":1,"3":1,"4":1,"5":1,"6":1,"7":1,"8":1,"9":1,"10":0,"11":0,"12":0,"13":0,"14":0,"15":1,"16":0,"17":0,"18":0,"19":0,"20":0,"21":0,"22":0,"23":0,"24":0,"25":0,"26":0,"27":0,"28":0,"29":0,"30":0,"31":1,"32":0,"33":1,"34":0,"35":0,"36":0,"37":0,"38":1,"39":0,"40":0,"41":0,"42":0,"43":0,"44":0,"45":0,"46":0,"47":0,"48":0,"49":1,"50":0,"51":0,"52":0,"53":0,"54":0,"55":0,"56":0,"57":0,"58":1,"59":0,"60":0,"61":0,"62":0,"63":1,"64":0,"65":0,"66":0,"67":0,"68":0,"69":0,"70":1,"71":0,"72":0,"73":0,"74":0,"75":1,"76":0,"77":0,"78":0,"79":0,"80":1,"81":1,"82":1,"83":1,"84":1},"f":{"0":0,"1":0,"2":0,"3":0,"4":0,"5":0,"6":0,"7":0,"8":0,"9":0,"10":0,"11":0,"12":0,"13":0,"14":0,"15":0,"16":0,"17":0,"18":0,"19":0,"20":0,"21":0},"b":{"0":[0,0],"1":[0,0],"2":[0,0],"3":[0,0],"4":[0,0],"5":[0,0],"6":[0,0],"7":[0,0],"8":[0,0],"9":[0,0],"10":[0,0],"11":[0,0],"12":[0,0],"13":[0,0],"14":[0,0],"15":[0,0]},"_coverageSchema":"d34fc3e6b8297bcde183f5492bcb8fcb36775295","hash":"ea2c2ef241e11a0d045d555477d33f95642acb69","contentHash":"6a934f410f45e113e1c605e0d7d7c62c_12.0.2"},"/home/vagrant/e-tutor/final_cms/api/config/mail.js":{"path":"/home/vagrant/e-tutor/final_cms/api/config/mail.js","statementMap":{"0":{"start":{"line":1,"column":0},"end":{"line":4,"column":1}}},"fnMap":{},"branchMap":{},"s":{"0":1},"f":{},"b":{},"_coverageSchema":"d34fc3e6b8297bcde183f5492bcb8fcb36775295","hash":"13156583d3aaadee24deede4c76283602ea67a2e","contentHash":"b08a46d5798d356f038de88451680f21_12.0.2"},"/home/vagrant/e-tutor/final_cms/api/controllers/mailController.js":{"path":"/home/vagrant/e-tutor/final_cms/api/controllers/mailController.js","statementMap":{"0":{"start":{"line":3,"column":15},"end":{"line":3,"column":34}},"1":{"start":{"line":4,"column":8},"end":{"line":4,"column":31}},"2":{"start":{"line":5,"column":11},"end":{"line":5,"column":30}},"3":{"start":{"line":6,"column":9},"end":{"line":6,"column":31}},"4":{"start":{"line":7,"column":9},"end":{"line":7,"column":24}},"5":{"start":{"line":8,"column":10},"end":{"line":8,"column":26}},"6":{"start":{"line":9,"column":11},"end":{"line":9,"column":28}},"7":{"start":{"line":10,"column":6},"end":{"line":10,"column":23}},"8":{"start":{"line":11,"column":8},"end":{"line":11,"column":48}},"9":{"start":{"line":12,"column":10},"end":{"line":12,"column":71}},"10":{"start":{"line":13,"column":9},"end":{"line":13,"column":57}},"11":{"start":{"line":14,"column":15},"end":{"line":14,"column":36}},"12":{"start":{"line":15,"column":10},"end":{"line":15,"column":35}},"13":{"start":{"line":18,"column":20},"end":{"line":24,"column":2}},"14":{"start":{"line":26,"column":24},"end":{"line":30,"column":1}},"15":{"start":{"line":32,"column":0},"end":{"line":32,"column":53}},"16":{"start":{"line":34,"column":0},"end":{"line":36,"column":2}},"17":{"start":{"line":35,"column":2},"end":{"line":35,"column":78}},"18":{"start":{"line":38,"column":0},"end":{"line":40,"column":2}},"19":{"start":{"line":39,"column":2},"end":{"line":39,"column":77}},"20":{"start":{"line":42,"column":0},"end":{"line":89,"column":2}},"21":{"start":{"line":43,"column":2},"end":{"line":88,"column":5}},"22":{"start":{"line":45,"column":6},"end":{"line":53,"column":9}},"23":{"start":{"line":48,"column":8},"end":{"line":52,"column":9}},"24":{"start":{"line":49,"column":10},"end":{"line":49,"column":26}},"25":{"start":{"line":51,"column":10},"end":{"line":51,"column":34}},"26":{"start":{"line":57,"column":6},"end":{"line":60,"column":9}},"27":{"start":{"line":58,"column":20},"end":{"line":58,"column":42}},"28":{"start":{"line":59,"column":8},"end":{"line":59,"column":31}},"29":{"start":{"line":63,"column":6},"end":{"line":65,"column":9}},"30":{"start":{"line":64,"column":8},"end":{"line":64,"column":35}},"31":{"start":{"line":68,"column":17},"end":{"line":77,"column":7}},"32":{"start":{"line":78,"column":6},"end":{"line":84,"column":9}},"33":{"start":{"line":79,"column":8},"end":{"line":83,"column":9}},"34":{"start":{"line":80,"column":10},"end":{"line":80,"column":91}},"35":{"start":{"line":82,"column":10},"end":{"line":82,"column":33}},"36":{"start":{"line":87,"column":4},"end":{"line":87,"column":38}},"37":{"start":{"line":94,"column":0},"end":{"line":143,"column":2}},"38":{"start":{"line":95,"column":2},"end":{"line":142,"column":5}},"39":{"start":{"line":101,"column":4},"end":{"line":141,"column":5}},"40":{"start":{"line":102,"column":6},"end":{"line":102,"column":34}},"41":{"start":{"line":103,"column":6},"end":{"line":136,"column":7}},"42":{"start":{"line":104,"column":8},"end":{"line":104,"column":66}},"43":{"start":{"line":105,"column":8},"end":{"line":105,"column":46}},"44":{"start":{"line":106,"column":8},"end":{"line":106,"column":48}},"45":{"start":{"line":107,"column":8},"end":{"line":131,"column":11}},"46":{"start":{"line":108,"column":10},"end":{"line":130,"column":11}},"47":{"start":{"line":109,"column":12},"end":{"line":111,"column":15}},"48":{"start":{"line":113,"column":23},"end":{"line":121,"column":13}},"49":{"start":{"line":123,"column":12},"end":{"line":129,"column":15}},"50":{"start":{"line":124,"column":14},"end":{"line":128,"column":15}},"51":{"start":{"line":125,"column":16},"end":{"line":125,"column":63}},"52":{"start":{"line":127,"column":16},"end":{"line":127,"column":33}},"53":{"start":{"line":133,"column":8},"end":{"line":135,"column":11}},"54":{"start":{"line":138,"column":6},"end":{"line":140,"column":9}}},"fnMap":{"0":{"name":"(anonymous_0)","decl":{"start":{"line":34,"column":42},"end":{"line":34,"column":43}},"loc":{"start":{"line":34,"column":61},"end":{"line":36,"column":1}},"line":34},"1":{"name":"(anonymous_1)","decl":{"start":{"line":38,"column":41},"end":{"line":38,"column":42}},"loc":{"start":{"line":38,"column":60},"end":{"line":40,"column":1}},"line":38},"2":{"name":"(anonymous_2)","decl":{"start":{"line":42,"column":32},"end":{"line":42,"column":33}},"loc":{"start":{"line":42,"column":51},"end":{"line":89,"column":1}},"line":42},"3":{"name":"(anonymous_3)","decl":{"start":{"line":44,"column":4},"end":{"line":44,"column":5}},"loc":{"start":{"line":44,"column":19},"end":{"line":54,"column":5}},"line":44},"4":{"name":"(anonymous_4)","decl":{"start":{"line":47,"column":14},"end":{"line":47,"column":15}},"loc":{"start":{"line":47,"column":34},"end":{"line":53,"column":7}},"line":47},"5":{"name":"(anonymous_5)","decl":{"start":{"line":55,"column":4},"end":{"line":55,"column":5}},"loc":{"start":{"line":55,"column":25},"end":{"line":61,"column":5}},"line":55},"6":{"name":"(anonymous_6)","decl":{"start":{"line":57,"column":29},"end":{"line":57,"column":30}},"loc":{"start":{"line":57,"column":51},"end":{"line":60,"column":7}},"line":57},"7":{"name":"(anonymous_7)","decl":{"start":{"line":62,"column":4},"end":{"line":62,"column":5}},"loc":{"start":{"line":62,"column":32},"end":{"line":66,"column":5}},"line":62},"8":{"name":"(anonymous_8)","decl":{"start":{"line":63,"column":162},"end":{"line":63,"column":163}},"loc":{"start":{"line":63,"column":186},"end":{"line":65,"column":7}},"line":63},"9":{"name":"(anonymous_9)","decl":{"start":{"line":67,"column":4},"end":{"line":67,"column":5}},"loc":{"start":{"line":67,"column":32},"end":{"line":85,"column":5}},"line":67},"10":{"name":"(anonymous_10)","decl":{"start":{"line":78,"column":35},"end":{"line":78,"column":36}},"loc":{"start":{"line":78,"column":49},"end":{"line":84,"column":7}},"line":78},"11":{"name":"(anonymous_11)","decl":{"start":{"line":86,"column":5},"end":{"line":86,"column":6}},"loc":{"start":{"line":86,"column":19},"end":{"line":88,"column":3}},"line":86},"12":{"name":"(anonymous_12)","decl":{"start":{"line":94,"column":31},"end":{"line":94,"column":32}},"loc":{"start":{"line":94,"column":56},"end":{"line":143,"column":1}},"line":94},"13":{"name":"(anonymous_13)","decl":{"start":{"line":100,"column":10},"end":{"line":100,"column":11}},"loc":{"start":{"line":100,"column":30},"end":{"line":142,"column":3}},"line":100},"14":{"name":"(anonymous_14)","decl":{"start":{"line":107,"column":18},"end":{"line":107,"column":19}},"loc":{"start":{"line":107,"column":32},"end":{"line":131,"column":9}},"line":107},"15":{"name":"(anonymous_15)","decl":{"start":{"line":123,"column":41},"end":{"line":123,"column":42}},"loc":{"start":{"line":123,"column":55},"end":{"line":129,"column":13}},"line":123}},"branchMap":{"0":{"loc":{"start":{"line":12,"column":10},"end":{"line":12,"column":71}},"type":"binary-expr","locations":[{"start":{"line":12,"column":10},"end":{"line":12,"column":37}},{"start":{"line":12,"column":41},"end":{"line":12,"column":71}}],"line":12},"1":{"loc":{"start":{"line":13,"column":9},"end":{"line":13,"column":57}},"type":"binary-expr","locations":[{"start":{"line":13,"column":9},"end":{"line":13,"column":36}},{"start":{"line":13,"column":40},"end":{"line":13,"column":57}}],"line":13},"2":{"loc":{"start":{"line":19,"column":11},"end":{"line":19,"column":57}},"type":"binary-expr","locations":[{"start":{"line":19,"column":11},"end":{"line":19,"column":46}},{"start":{"line":19,"column":50},"end":{"line":19,"column":57}}],"line":19},"3":{"loc":{"start":{"line":48,"column":8},"end":{"line":52,"column":9}},"type":"if","locations":[{"start":{"line":48,"column":8},"end":{"line":52,"column":9}},{"start":{"line":48,"column":8},"end":{"line":52,"column":9}}],"line":48},"4":{"loc":{"start":{"line":79,"column":8},"end":{"line":83,"column":9}},"type":"if","locations":[{"start":{"line":79,"column":8},"end":{"line":83,"column":9}},{"start":{"line":79,"column":8},"end":{"line":83,"column":9}}],"line":79},"5":{"loc":{"start":{"line":101,"column":4},"end":{"line":141,"column":5}},"type":"if","locations":[{"start":{"line":101,"column":4},"end":{"line":141,"column":5}},{"start":{"line":101,"column":4},"end":{"line":141,"column":5}}],"line":101},"6":{"loc":{"start":{"line":101,"column":8},"end":{"line":101,"column":20}},"type":"binary-expr","locations":[{"start":{"line":101,"column":8},"end":{"line":101,"column":12}},{"start":{"line":101,"column":16},"end":{"line":101,"column":20}}],"line":101},"7":{"loc":{"start":{"line":103,"column":6},"end":{"line":136,"column":7}},"type":"if","locations":[{"start":{"line":103,"column":6},"end":{"line":136,"column":7}},{"start":{"line":103,"column":6},"end":{"line":136,"column":7}}],"line":103},"8":{"loc":{"start":{"line":108,"column":10},"end":{"line":130,"column":11}},"type":"if","locations":[{"start":{"line":108,"column":10},"end":{"line":130,"column":11}},{"start":{"line":108,"column":10},"end":{"line":130,"column":11}}],"line":108},"9":{"loc":{"start":{"line":124,"column":14},"end":{"line":128,"column":15}},"type":"if","locations":[{"start":{"line":124,"column":14},"end":{"line":128,"column":15}},{"start":{"line":124,"column":14},"end":{"line":128,"column":15}}],"line":124}},"s":{"0":1,"1":1,"2":1,"3":1,"4":1,"5":1,"6":1,"7":1,"8":1,"9":1,"10":1,"11":1,"12":1,"13":1,"14":1,"15":1,"16":1,"17":0,"18":1,"19":0,"20":1,"21":0,"22":0,"23":0,"24":0,"25":0,"26":0,"27":0,"28":0,"29":0,"30":0,"31":0,"32":0,"33":0,"34":0,"35":0,"36":0,"37":1,"38":0,"39":0,"40":0,"41":0,"42":0,"43":0,"44":0,"45":0,"46":0,"47":0,"48":0,"49":0,"50":0,"51":0,"52":0,"53":0,"54":0},"f":{"0":0,"1":0,"2":0,"3":0,"4":0,"5":0,"6":0,"7":0,"8":0,"9":0,"10":0,"11":0,"12":0,"13":0,"14":0,"15":0},"b":{"0":[1,1],"1":[1,1],"2":[1,1],"3":[0,0],"4":[0,0],"5":[0,0],"6":[0,0],"7":[0,0],"8":[0,0],"9":[0,0]},"_coverageSchema":"d34fc3e6b8297bcde183f5492bcb8fcb36775295","hash":"a1fd82e769006c5b46860f876f53079b42c3a26a","contentHash":"f2fd72ae7c65a0bb33f9b82425409ca5_12.0.2"},"/home/vagrant/e-tutor/final_cms/api/routes/users.js":{"path":"/home/vagrant/e-tutor/final_cms/api/routes/users.js","statementMap":{"0":{"start":{"line":3,"column":16},"end":{"line":3,"column":34}},"1":{"start":{"line":4,"column":15},"end":{"line":4,"column":31}},"2":{"start":{"line":5,"column":17},"end":{"line":5,"column":36}},"3":{"start":{"line":6,"column":12},"end":{"line":6,"column":35}},"4":{"start":{"line":7,"column":15},"end":{"line":7,"column":44}},"5":{"start":{"line":9,"column":18},"end":{"line":9,"column":48}},"6":{"start":{"line":12,"column":0},"end":{"line":30,"column":3}},"7":{"start":{"line":13,"column":23},"end":{"line":20,"column":6}},"8":{"start":{"line":22,"column":4},"end":{"line":29,"column":7}},"9":{"start":{"line":23,"column":8},"end":{"line":28,"column":9}},"10":{"start":{"line":24,"column":12},"end":{"line":24,"column":73}},"11":{"start":{"line":27,"column":12},"end":{"line":27,"column":76}},"12":{"start":{"line":33,"column":0},"end":{"line":68,"column":3}},"13":{"start":{"line":34,"column":21},"end":{"line":34,"column":38}},"14":{"start":{"line":35,"column":21},"end":{"line":35,"column":38}},"15":{"start":{"line":37,"column":4},"end":{"line":67,"column":7}},"16":{"start":{"line":38,"column":8},"end":{"line":38,"column":27}},"17":{"start":{"line":38,"column":17},"end":{"line":38,"column":27}},"18":{"start":{"line":40,"column":8},"end":{"line":42,"column":9}},"19":{"start":{"line":41,"column":12},"end":{"line":41,"column":71}},"20":{"start":{"line":44,"column":8},"end":{"line":66,"column":11}},"21":{"start":{"line":45,"column":12},"end":{"line":45,"column":31}},"22":{"start":{"line":45,"column":21},"end":{"line":45,"column":31}},"23":{"start":{"line":46,"column":12},"end":{"line":65,"column":13}},"24":{"start":{"line":47,"column":30},"end":{"line":49,"column":18}},"25":{"start":{"line":52,"column":16},"end":{"line":61,"column":19}},"26":{"start":{"line":64,"column":16},"end":{"line":64,"column":92}},"27":{"start":{"line":71,"column":0},"end":{"line":74,"column":3}},"28":{"start":{"line":72,"column":4},"end":{"line":72,"column":43}},"29":{"start":{"line":73,"column":4},"end":{"line":73,"column":31}},"30":{"start":{"line":77,"column":0},"end":{"line":86,"column":3}},"31":{"start":{"line":78,"column":4},"end":{"line":85,"column":7}},"32":{"start":{"line":79,"column":8},"end":{"line":84,"column":9}},"33":{"start":{"line":80,"column":12},"end":{"line":80,"column":29}},"34":{"start":{"line":83,"column":12},"end":{"line":83,"column":33}},"35":{"start":{"line":89,"column":0},"end":{"line":98,"column":3}},"36":{"start":{"line":90,"column":4},"end":{"line":97,"column":7}},"37":{"start":{"line":91,"column":8},"end":{"line":96,"column":9}},"38":{"start":{"line":92,"column":12},"end":{"line":92,"column":29}},"39":{"start":{"line":95,"column":12},"end":{"line":95,"column":27}},"40":{"start":{"line":101,"column":0},"end":{"line":120,"column":3}},"41":{"start":{"line":102,"column":23},"end":{"line":109,"column":6}},"42":{"start":{"line":111,"column":4},"end":{"line":119,"column":7}},"43":{"start":{"line":112,"column":8},"end":{"line":118,"column":9}},"44":{"start":{"line":113,"column":12},"end":{"line":113,"column":68}},"45":{"start":{"line":114,"column":12},"end":{"line":114,"column":28}},"46":{"start":{"line":117,"column":12},"end":{"line":117,"column":72}},"47":{"start":{"line":123,"column":0},"end":{"line":132,"column":3}},"48":{"start":{"line":124,"column":4},"end":{"line":131,"column":7}},"49":{"start":{"line":125,"column":8},"end":{"line":130,"column":9}},"50":{"start":{"line":126,"column":12},"end":{"line":126,"column":29}},"51":{"start":{"line":129,"column":12},"end":{"line":129,"column":27}},"52":{"start":{"line":135,"column":0},"end":{"line":144,"column":3}},"53":{"start":{"line":136,"column":4},"end":{"line":143,"column":7}},"54":{"start":{"line":137,"column":8},"end":{"line":142,"column":9}},"55":{"start":{"line":138,"column":12},"end":{"line":138,"column":29}},"56":{"start":{"line":141,"column":12},"end":{"line":141,"column":27}},"57":{"start":{"line":147,"column":0},"end":{"line":147,"column":24}}},"fnMap":{"0":{"name":"(anonymous_0)","decl":{"start":{"line":12,"column":25},"end":{"line":12,"column":26}},"loc":{"start":{"line":12,"column":45},"end":{"line":30,"column":1}},"line":12},"1":{"name":"(anonymous_1)","decl":{"start":{"line":22,"column":41},"end":{"line":22,"column":42}},"loc":{"start":{"line":22,"column":61},"end":{"line":29,"column":5}},"line":22},"2":{"name":"(anonymous_2)","decl":{"start":{"line":33,"column":29},"end":{"line":33,"column":30}},"loc":{"start":{"line":33,"column":49},"end":{"line":68,"column":1}},"line":33},"3":{"name":"(anonymous_3)","decl":{"start":{"line":37,"column":43},"end":{"line":37,"column":44}},"loc":{"start":{"line":37,"column":63},"end":{"line":67,"column":5}},"line":37},"4":{"name":"(anonymous_4)","decl":{"start":{"line":44,"column":64},"end":{"line":44,"column":65}},"loc":{"start":{"line":44,"column":82},"end":{"line":66,"column":9}},"line":44},"5":{"name":"(anonymous_5)","decl":{"start":{"line":71,"column":73},"end":{"line":71,"column":74}},"loc":{"start":{"line":71,"column":93},"end":{"line":74,"column":1}},"line":71},"6":{"name":"(anonymous_6)","decl":{"start":{"line":77,"column":67},"end":{"line":77,"column":68}},"loc":{"start":{"line":77,"column":87},"end":{"line":86,"column":1}},"line":77},"7":{"name":"(anonymous_7)","decl":{"start":{"line":78,"column":19},"end":{"line":78,"column":20}},"loc":{"start":{"line":78,"column":40},"end":{"line":85,"column":5}},"line":78},"8":{"name":"(anonymous_8)","decl":{"start":{"line":89,"column":67},"end":{"line":89,"column":68}},"loc":{"start":{"line":89,"column":87},"end":{"line":98,"column":1}},"line":89},"9":{"name":"(anonymous_9)","decl":{"start":{"line":90,"column":38},"end":{"line":90,"column":39}},"loc":{"start":{"line":90,"column":53},"end":{"line":97,"column":5}},"line":90},"10":{"name":"(anonymous_10)","decl":{"start":{"line":101,"column":68},"end":{"line":101,"column":69}},"loc":{"start":{"line":101,"column":88},"end":{"line":120,"column":1}},"line":101},"11":{"name":"(anonymous_11)","decl":{"start":{"line":111,"column":41},"end":{"line":111,"column":42}},"loc":{"start":{"line":111,"column":61},"end":{"line":119,"column":5}},"line":111},"12":{"name":"(anonymous_12)","decl":{"start":{"line":123,"column":67},"end":{"line":123,"column":68}},"loc":{"start":{"line":123,"column":93},"end":{"line":132,"column":1}},"line":123},"13":{"name":"(anonymous_13)","decl":{"start":{"line":124,"column":57},"end":{"line":124,"column":58}},"loc":{"start":{"line":124,"column":78},"end":{"line":131,"column":5}},"line":124},"14":{"name":"(anonymous_14)","decl":{"start":{"line":135,"column":70},"end":{"line":135,"column":71}},"loc":{"start":{"line":135,"column":96},"end":{"line":144,"column":1}},"line":135},"15":{"name":"(anonymous_15)","decl":{"start":{"line":136,"column":57},"end":{"line":136,"column":58}},"loc":{"start":{"line":136,"column":78},"end":{"line":143,"column":5}},"line":136}},"branchMap":{"0":{"loc":{"start":{"line":23,"column":8},"end":{"line":28,"column":9}},"type":"if","locations":[{"start":{"line":23,"column":8},"end":{"line":28,"column":9}},{"start":{"line":23,"column":8},"end":{"line":28,"column":9}}],"line":23},"1":{"loc":{"start":{"line":38,"column":8},"end":{"line":38,"column":27}},"type":"if","locations":[{"start":{"line":38,"column":8},"end":{"line":38,"column":27}},{"start":{"line":38,"column":8},"end":{"line":38,"column":27}}],"line":38},"2":{"loc":{"start":{"line":40,"column":8},"end":{"line":42,"column":9}},"type":"if","locations":[{"start":{"line":40,"column":8},"end":{"line":42,"column":9}},{"start":{"line":40,"column":8},"end":{"line":42,"column":9}}],"line":40},"3":{"loc":{"start":{"line":45,"column":12},"end":{"line":45,"column":31}},"type":"if","locations":[{"start":{"line":45,"column":12},"end":{"line":45,"column":31}},{"start":{"line":45,"column":12},"end":{"line":45,"column":31}}],"line":45},"4":{"loc":{"start":{"line":46,"column":12},"end":{"line":65,"column":13}},"type":"if","locations":[{"start":{"line":46,"column":12},"end":{"line":65,"column":13}},{"start":{"line":46,"column":12},"end":{"line":65,"column":13}}],"line":46},"5":{"loc":{"start":{"line":79,"column":8},"end":{"line":84,"column":9}},"type":"if","locations":[{"start":{"line":79,"column":8},"end":{"line":84,"column":9}},{"start":{"line":79,"column":8},"end":{"line":84,"column":9}}],"line":79},"6":{"loc":{"start":{"line":91,"column":8},"end":{"line":96,"column":9}},"type":"if","locations":[{"start":{"line":91,"column":8},"end":{"line":96,"column":9}},{"start":{"line":91,"column":8},"end":{"line":96,"column":9}}],"line":91},"7":{"loc":{"start":{"line":112,"column":8},"end":{"line":118,"column":9}},"type":"if","locations":[{"start":{"line":112,"column":8},"end":{"line":118,"column":9}},{"start":{"line":112,"column":8},"end":{"line":118,"column":9}}],"line":112},"8":{"loc":{"start":{"line":125,"column":8},"end":{"line":130,"column":9}},"type":"if","locations":[{"start":{"line":125,"column":8},"end":{"line":130,"column":9}},{"start":{"line":125,"column":8},"end":{"line":130,"column":9}}],"line":125},"9":{"loc":{"start":{"line":137,"column":8},"end":{"line":142,"column":9}},"type":"if","locations":[{"start":{"line":137,"column":8},"end":{"line":142,"column":9}},{"start":{"line":137,"column":8},"end":{"line":142,"column":9}}],"line":137}},"s":{"0":1,"1":1,"2":1,"3":1,"4":1,"5":1,"6":1,"7":0,"8":0,"9":0,"10":0,"11":0,"12":1,"13":0,"14":0,"15":0,"16":0,"17":0,"18":0,"19":0,"20":0,"21":0,"22":0,"23":0,"24":0,"25":0,"26":0,"27":1,"28":0,"29":0,"30":1,"31":0,"32":0,"33":0,"34":0,"35":1,"36":0,"37":0,"38":0,"39":0,"40":1,"41":0,"42":0,"43":0,"44":0,"45":0,"46":0,"47":1,"48":0,"49":0,"50":0,"51":0,"52":1,"53":0,"54":0,"55":0,"56":0,"57":1},"f":{"0":0,"1":0,"2":0,"3":0,"4":0,"5":0,"6":0,"7":0,"8":0,"9":0,"10":0,"11":0,"12":0,"13":0,"14":0,"15":0},"b":{"0":[0,0],"1":[0,0],"2":[0,0],"3":[0,0],"4":[0,0],"5":[0,0],"6":[0,0],"7":[0,0],"8":[0,0],"9":[0,0]},"_coverageSchema":"d34fc3e6b8297bcde183f5492bcb8fcb36775295","hash":"551fbc01a662b9f93b98523d732b097f64b2f76d","contentHash":"0e70903b1a383d842e73ac60de9e272a_12.0.2"},"/home/vagrant/e-tutor/final_cms/api/models/superUser.js":{"path":"/home/vagrant/e-tutor/final_cms/api/models/superUser.js","statementMap":{"0":{"start":{"line":6,"column":17},"end":{"line":6,"column":36}},"1":{"start":{"line":7,"column":15},"end":{"line":7,"column":34}},"2":{"start":{"line":8,"column":15},"end":{"line":8,"column":44}},"3":{"start":{"line":11,"column":24},"end":{"line":42,"column":2}},"4":{"start":{"line":45,"column":18},"end":{"line":45,"column":79}},"5":{"start":{"line":48,"column":0},"end":{"line":50,"column":1}},"6":{"start":{"line":49,"column":4},"end":{"line":49,"column":37}},"7":{"start":{"line":53,"column":0},"end":{"line":56,"column":1}},"8":{"start":{"line":54,"column":18},"end":{"line":54,"column":38}},"9":{"start":{"line":55,"column":4},"end":{"line":55,"column":39}},"10":{"start":{"line":59,"column":0},"end":{"line":67,"column":1}},"11":{"start":{"line":60,"column":4},"end":{"line":66,"column":7}},"12":{"start":{"line":61,"column":8},"end":{"line":65,"column":11}},"13":{"start":{"line":62,"column":12},"end":{"line":62,"column":30}},"14":{"start":{"line":62,"column":20},"end":{"line":62,"column":30}},"15":{"start":{"line":63,"column":12},"end":{"line":63,"column":41}},"16":{"start":{"line":64,"column":12},"end":{"line":64,"column":40}},"17":{"start":{"line":70,"column":0},"end":{"line":75,"column":1}},"18":{"start":{"line":71,"column":4},"end":{"line":74,"column":7}},"19":{"start":{"line":72,"column":8},"end":{"line":72,"column":26}},"20":{"start":{"line":72,"column":16},"end":{"line":72,"column":26}},"21":{"start":{"line":73,"column":8},"end":{"line":73,"column":32}}},"fnMap":{"0":{"name":"(anonymous_0)","decl":{"start":{"line":48,"column":34},"end":{"line":48,"column":35}},"loc":{"start":{"line":48,"column":56},"end":{"line":50,"column":1}},"line":48},"1":{"name":"(anonymous_1)","decl":{"start":{"line":53,"column":36},"end":{"line":53,"column":37}},"loc":{"start":{"line":53,"column":64},"end":{"line":56,"column":1}},"line":53},"2":{"name":"(anonymous_2)","decl":{"start":{"line":59,"column":30},"end":{"line":59,"column":31}},"loc":{"start":{"line":59,"column":61},"end":{"line":67,"column":1}},"line":59},"3":{"name":"(anonymous_3)","decl":{"start":{"line":60,"column":23},"end":{"line":60,"column":24}},"loc":{"start":{"line":60,"column":38},"end":{"line":66,"column":5}},"line":60},"4":{"name":"(anonymous_4)","decl":{"start":{"line":61,"column":49},"end":{"line":61,"column":50}},"loc":{"start":{"line":61,"column":64},"end":{"line":65,"column":9}},"line":61},"5":{"name":"(anonymous_5)","decl":{"start":{"line":70,"column":33},"end":{"line":70,"column":34}},"loc":{"start":{"line":70,"column":76},"end":{"line":75,"column":1}},"line":70},"6":{"name":"(anonymous_6)","decl":{"start":{"line":71,"column":44},"end":{"line":71,"column":45}},"loc":{"start":{"line":71,"column":62},"end":{"line":74,"column":5}},"line":71}},"branchMap":{"0":{"loc":{"start":{"line":62,"column":12},"end":{"line":62,"column":30}},"type":"if","locations":[{"start":{"line":62,"column":12},"end":{"line":62,"column":30}},{"start":{"line":62,"column":12},"end":{"line":62,"column":30}}],"line":62},"1":{"loc":{"start":{"line":72,"column":8},"end":{"line":72,"column":26}},"type":"if","locations":[{"start":{"line":72,"column":8},"end":{"line":72,"column":26}},{"start":{"line":72,"column":8},"end":{"line":72,"column":26}}],"line":72}},"s":{"0":1,"1":1,"2":1,"3":1,"4":1,"5":1,"6":0,"7":1,"8":0,"9":0,"10":1,"11":0,"12":0,"13":0,"14":0,"15":0,"16":0,"17":1,"18":0,"19":0,"20":0,"21":0},"f":{"0":0,"1":0,"2":0,"3":0,"4":0,"5":0,"6":0},"b":{"0":[0,0],"1":[0,0]},"_coverageSchema":"d34fc3e6b8297bcde183f5492bcb8fcb36775295","hash":"0d0710393c9e7aacbf032fff3bd953fe0046e178","contentHash":"5d44c8ab060b5a5320be966142734d46_12.0.2"},"/home/vagrant/e-tutor/final_cms/api/routes/subjectRoutes.js":{"path":"/home/vagrant/e-tutor/final_cms/api/routes/subjectRoutes.js","statementMap":{"0":{"start":{"line":6,"column":16},"end":{"line":6,"column":34}},"1":{"start":{"line":7,"column":15},"end":{"line":7,"column":31}},"2":{"start":{"line":8,"column":12},"end":{"line":8,"column":35}},"3":{"start":{"line":9,"column":15},"end":{"line":9,"column":34}},"4":{"start":{"line":11,"column":16},"end":{"line":11,"column":44}},"5":{"start":{"line":12,"column":14},"end":{"line":12,"column":40}},"6":{"start":{"line":13,"column":17},"end":{"line":13,"column":47}},"7":{"start":{"line":14,"column":17},"end":{"line":14,"column":53}},"8":{"start":{"line":15,"column":14},"end":{"line":15,"column":40}},"9":{"start":{"line":16,"column":20},"end":{"line":16,"column":57}},"10":{"start":{"line":19,"column":0},"end":{"line":19,"column":53}},"11":{"start":{"line":23,"column":4},"end":{"line":32,"column":7}},"12":{"start":{"line":25,"column":8},"end":{"line":31,"column":9}},"13":{"start":{"line":26,"column":12},"end":{"line":26,"column":69}},"14":{"start":{"line":29,"column":12},"end":{"line":29,"column":36}},"15":{"start":{"line":30,"column":12},"end":{"line":30,"column":19}},"16":{"start":{"line":36,"column":4},"end":{"line":44,"column":7}},"17":{"start":{"line":38,"column":8},"end":{"line":43,"column":9}},"18":{"start":{"line":39,"column":12},"end":{"line":39,"column":69}},"19":{"start":{"line":42,"column":12},"end":{"line":42,"column":98}},"20":{"start":{"line":48,"column":0},"end":{"line":59,"column":3}},"21":{"start":{"line":50,"column":4},"end":{"line":58,"column":7}},"22":{"start":{"line":52,"column":8},"end":{"line":57,"column":9}},"23":{"start":{"line":53,"column":12},"end":{"line":53,"column":69}},"24":{"start":{"line":56,"column":12},"end":{"line":56,"column":30}},"25":{"start":{"line":62,"column":0},"end":{"line":109,"column":3}},"26":{"start":{"line":63,"column":21},"end":{"line":98,"column":6}},"27":{"start":{"line":100,"column":4},"end":{"line":108,"column":7}},"28":{"start":{"line":102,"column":8},"end":{"line":107,"column":9}},"29":{"start":{"line":103,"column":12},"end":{"line":103,"column":55}},"30":{"start":{"line":106,"column":12},"end":{"line":106,"column":81}},"31":{"start":{"line":112,"column":0},"end":{"line":147,"column":3}},"32":{"start":{"line":113,"column":19},"end":{"line":129,"column":6}},"33":{"start":{"line":131,"column":4},"end":{"line":146,"column":7}},"34":{"start":{"line":133,"column":8},"end":{"line":145,"column":9}},"35":{"start":{"line":134,"column":12},"end":{"line":134,"column":77}},"36":{"start":{"line":137,"column":12},"end":{"line":144,"column":15}},"37":{"start":{"line":139,"column":16},"end":{"line":143,"column":17}},"38":{"start":{"line":140,"column":20},"end":{"line":140,"column":79}},"39":{"start":{"line":142,"column":20},"end":{"line":142,"column":36}},"40":{"start":{"line":151,"column":0},"end":{"line":187,"column":3}},"41":{"start":{"line":152,"column":22},"end":{"line":161,"column":6}},"42":{"start":{"line":163,"column":4},"end":{"line":186,"column":7}},"43":{"start":{"line":165,"column":8},"end":{"line":185,"column":9}},"44":{"start":{"line":166,"column":12},"end":{"line":166,"column":69}},"45":{"start":{"line":169,"column":24},"end":{"line":169,"column":61}},"46":{"start":{"line":171,"column":12},"end":{"line":184,"column":13}},"47":{"start":{"line":172,"column":16},"end":{"line":172,"column":75}},"48":{"start":{"line":175,"column":16},"end":{"line":182,"column":19}},"49":{"start":{"line":177,"column":20},"end":{"line":181,"column":21}},"50":{"start":{"line":178,"column":24},"end":{"line":178,"column":86}},"51":{"start":{"line":180,"column":24},"end":{"line":180,"column":40}},"52":{"start":{"line":190,"column":0},"end":{"line":222,"column":3}},"53":{"start":{"line":191,"column":19},"end":{"line":195,"column":6}},"54":{"start":{"line":197,"column":4},"end":{"line":221,"column":7}},"55":{"start":{"line":199,"column":8},"end":{"line":220,"column":9}},"56":{"start":{"line":200,"column":12},"end":{"line":200,"column":69}},"57":{"start":{"line":203,"column":24},"end":{"line":203,"column":61}},"58":{"start":{"line":205,"column":12},"end":{"line":219,"column":13}},"59":{"start":{"line":206,"column":16},"end":{"line":206,"column":75}},"60":{"start":{"line":209,"column":31},"end":{"line":209,"column":73}},"61":{"start":{"line":210,"column":16},"end":{"line":217,"column":19}},"62":{"start":{"line":212,"column":20},"end":{"line":216,"column":21}},"63":{"start":{"line":213,"column":24},"end":{"line":213,"column":83}},"64":{"start":{"line":215,"column":24},"end":{"line":215,"column":40}},"65":{"start":{"line":225,"column":0},"end":{"line":234,"column":3}},"66":{"start":{"line":226,"column":4},"end":{"line":233,"column":7}},"67":{"start":{"line":227,"column":8},"end":{"line":231,"column":9}},"68":{"start":{"line":228,"column":12},"end":{"line":228,"column":34}},"69":{"start":{"line":230,"column":12},"end":{"line":230,"column":30}},"70":{"start":{"line":236,"column":0},"end":{"line":236,"column":24}}},"fnMap":{"0":{"name":"getAllSubjects","decl":{"start":{"line":22,"column":9},"end":{"line":22,"column":23}},"loc":{"start":{"line":22,"column":40},"end":{"line":33,"column":1}},"line":22},"1":{"name":"(anonymous_1)","decl":{"start":{"line":23,"column":27},"end":{"line":23,"column":28}},"loc":{"start":{"line":23,"column":46},"end":{"line":32,"column":5}},"line":23},"2":{"name":"getAllCategories","decl":{"start":{"line":35,"column":9},"end":{"line":35,"column":25}},"loc":{"start":{"line":35,"column":41},"end":{"line":45,"column":1}},"line":35},"3":{"name":"(anonymous_3)","decl":{"start":{"line":36,"column":30},"end":{"line":36,"column":31}},"loc":{"start":{"line":36,"column":51},"end":{"line":44,"column":5}},"line":36},"4":{"name":"(anonymous_4)","decl":{"start":{"line":48,"column":24},"end":{"line":48,"column":25}},"loc":{"start":{"line":48,"column":44},"end":{"line":59,"column":1}},"line":48},"5":{"name":"(anonymous_5)","decl":{"start":{"line":50,"column":42},"end":{"line":50,"column":43}},"loc":{"start":{"line":50,"column":60},"end":{"line":58,"column":5}},"line":50},"6":{"name":"(anonymous_6)","decl":{"start":{"line":62,"column":32},"end":{"line":62,"column":33}},"loc":{"start":{"line":62,"column":52},"end":{"line":109,"column":1}},"line":62},"7":{"name":"(anonymous_7)","decl":{"start":{"line":100,"column":35},"end":{"line":100,"column":36}},"loc":{"start":{"line":100,"column":53},"end":{"line":108,"column":5}},"line":100},"8":{"name":"(anonymous_8)","decl":{"start":{"line":112,"column":45},"end":{"line":112,"column":46}},"loc":{"start":{"line":112,"column":64},"end":{"line":147,"column":1}},"line":112},"9":{"name":"(anonymous_9)","decl":{"start":{"line":131,"column":45},"end":{"line":131,"column":46}},"loc":{"start":{"line":131,"column":62},"end":{"line":146,"column":5}},"line":131},"10":{"name":"(anonymous_10)","decl":{"start":{"line":137,"column":48},"end":{"line":137,"column":49}},"loc":{"start":{"line":137,"column":64},"end":{"line":144,"column":13}},"line":137},"11":{"name":"(anonymous_11)","decl":{"start":{"line":151,"column":57},"end":{"line":151,"column":58}},"loc":{"start":{"line":151,"column":76},"end":{"line":187,"column":1}},"line":151},"12":{"name":"(anonymous_12)","decl":{"start":{"line":163,"column":45},"end":{"line":163,"column":46}},"loc":{"start":{"line":163,"column":62},"end":{"line":186,"column":5}},"line":163},"13":{"name":"(anonymous_13)","decl":{"start":{"line":175,"column":63},"end":{"line":175,"column":64}},"loc":{"start":{"line":175,"column":82},"end":{"line":182,"column":17}},"line":175},"14":{"name":"(anonymous_14)","decl":{"start":{"line":190,"column":66},"end":{"line":190,"column":67}},"loc":{"start":{"line":190,"column":85},"end":{"line":222,"column":1}},"line":190},"15":{"name":"(anonymous_15)","decl":{"start":{"line":197,"column":45},"end":{"line":197,"column":46}},"loc":{"start":{"line":197,"column":62},"end":{"line":221,"column":5}},"line":197},"16":{"name":"(anonymous_16)","decl":{"start":{"line":210,"column":63},"end":{"line":210,"column":64}},"loc":{"start":{"line":210,"column":79},"end":{"line":217,"column":17}},"line":210},"17":{"name":"(anonymous_17)","decl":{"start":{"line":225,"column":44},"end":{"line":225,"column":45}},"loc":{"start":{"line":225,"column":63},"end":{"line":234,"column":1}},"line":225},"18":{"name":"(anony
[...]
"line":43,"column":19}},"18":{"start":{"line":45,"column":16},"end":{"line":45,"column":101}},"19":{"start":{"line":58,"column":0},"end":{"line":58,"column":40}},"20":{"start":{"line":68,"column":4},"end":{"line":72,"column":5}},"21":{"start":{"line":69,"column":8},"end":{"line":69,"column":38}},"22":{"start":{"line":71,"column":8},"end":{"line":71,"column":41}},"23":{"start":{"line":82,"column":4},"end":{"line":82,"column":42}},"24":{"start":{"line":83,"column":4},"end":{"line":118,"column":6}},"25":{"start":{"line":84,"column":8},"end":{"line":117,"column":9}},"26":{"start":{"line":85,"column":12},"end":{"line":85,"column":81}},"27":{"start":{"line":87,"column":29},"end":{"line":99,"column":14}},"28":{"start":{"line":101,"column":12},"end":{"line":116,"column":15}},"29":{"start":{"line":102,"column":16},"end":{"line":115,"column":17}},"30":{"start":{"line":103,"column":20},"end":{"line":106,"column":23}},"31":{"start":{"line":109,"column":20},"end":{"line":114,"column":23}},"32":{"start":{"line":130,"column":24},"end":{"line":134,"column":6}},"33":{"start":{"line":136,"column":4},"end":{"line":144,"column":7}},"34":{"start":{"line":138,"column":8},"end":{"line":143,"column":9}},"35":{"start":{"line":139,"column":12},"end":{"line":139,"column":55}},"36":{"start":{"line":142,"column":12},"end":{"line":142,"column":42}},"37":{"start":{"line":148,"column":0},"end":{"line":148,"column":133}},"38":{"start":{"line":155,"column":4},"end":{"line":185,"column":7}},"39":{"start":{"line":156,"column":8},"end":{"line":184,"column":9}},"40":{"start":{"line":157,"column":12},"end":{"line":157,"column":77}},"41":{"start":{"line":160,"column":12},"end":{"line":160,"column":68}},"42":{"start":{"line":161,"column":12},"end":{"line":161,"column":64}},"43":{"start":{"line":163,"column":12},"end":{"line":172,"column":13}},"44":{"start":{"line":165,"column":17},"end":{"line":165,"column":60}},"45":{"start":{"line":167,"column":16},"end":{"line":171,"column":19}},"46":{"start":{"line":173,"column":12},"end":{"line":173,"column":52}},"47":{"start":{"line":174,"column":12},"end":{"line":174,"column":58}},"48":{"start":{"line":175,"column":12},"end":{"line":175,"column":45}},"49":{"start":{"line":176,"column":12},"end":{"line":176,"column":83}},"50":{"start":{"line":177,"column":12},"end":{"line":177,"column":89}},"51":{"start":{"line":178,"column":12},"end":{"line":178,"column":30}},"52":{"start":{"line":179,"column":12},"end":{"line":183,"column":15}},"53":{"start":{"line":189,"column":0},"end":{"line":206,"column":3}},"54":{"start":{"line":190,"column":4},"end":{"line":205,"column":7}},"55":{"start":{"line":191,"column":8},"end":{"line":204,"column":9}},"56":{"start":{"line":192,"column":12},"end":{"line":192,"column":64}},"57":{"start":{"line":193,"column":15},"end":{"line":204,"column":9}},"58":{"start":{"line":194,"column":23},"end":{"line":194,"column":77}},"59":{"start":{"line":195,"column":12},"end":{"line":201,"column":15}},"60":{"start":{"line":196,"column":16},"end":{"line":200,"column":17}},"61":{"start":{"line":197,"column":20},"end":{"line":197,"column":72}},"62":{"start":{"line":199,"column":20},"end":{"line":199,"column":113}},"63":{"start":{"line":203,"column":12},"end":{"line":203,"column":80}},"64":{"start":{"line":209,"column":0},"end":{"line":218,"column":3}},"65":{"start":{"line":210,"column":4},"end":{"line":217,"column":7}},"66":{"start":{"line":211,"column":8},"end":{"line":215,"column":9}},"67":{"start":{"line":212,"column":12},"end":{"line":212,"column":34}},"68":{"start":{"line":214,"column":12},"end":{"line":214,"column":34}},"69":{"start":{"line":220,"column":0},"end":{"line":220,"column":24}}},"fnMap":{"0":{"name":"(anonymous_0)","decl":{"start":{"line":13,"column":19},"end":{"line":13,"column":20}},"loc":{"start":{"line":13,"column":39},"end":{"line":23,"column":1}},"line":13},"1":{"name":"(anonymous_1)","decl":{"start":{"line":15,"column":33},"end":{"line":15,"column":34}},"loc":{"start":{"line":15,"column":55},"end":{"line":22,"column":5}},"line":15},"2":{"name":"findDiscussion","decl":{"start":{"line":30,"column":9},"end":{"line":30,"column":23}},"loc":{"start":{"line":30,"column":39},"end":{"line":49,"column":1}},"line":30},"3":{"name":"(anonymous_3)","decl":{"start":{"line":31,"column":46},"end":{"line":31,"column":47}},"loc":{"start":{"line":31,"column":67},"end":{"line":48,"column":5}},"line":31},"4":{"name":"findReviewer","decl":{"start":{"line":51,"column":9},"end":{"line":51,"column":21}},"loc":{"start":{"line":51,"column":37},"end":{"line":53,"column":1}},"line":51},"5":{"name":"checkWhatToUpdate","decl":{"start":{"line":67,"column":9},"end":{"line":67,"column":26}},"loc":{"start":{"line":67,"column":42},"end":{"line":73,"column":1}},"line":67},"6":{"name":"addNewComment","decl":{"start":{"line":81,"column":9},"end":{"line":81,"column":22}},"loc":{"start":{"line":81,"column":38},"end":{"line":119,"column":1}},"line":81},"7":{"name":"(anonymous_7)","decl":{"start":{"line":83,"column":44},"end":{"line":83,"column":45}},"loc":{"start":{"line":83,"column":65},"end":{"line":118,"column":5}},"line":83},"8":{"name":"(anonymous_8)","decl":{"start":{"line":101,"column":58},"end":{"line":101,"column":59}},"loc":{"start":{"line":101,"column":86},"end":{"line":116,"column":13}},"line":101},"9":{"name":"addNewDiscussion","decl":{"start":{"line":128,"column":9},"end":{"line":128,"column":25}},"loc":{"start":{"line":128,"column":41},"end":{"line":145,"column":1}},"line":128},"10":{"name":"(anonymous_10)","decl":{"start":{"line":136,"column":44},"end":{"line":136,"column":45}},"loc":{"start":{"line":136,"column":65},"end":{"line":144,"column":5}},"line":136},"11":{"name":"updateReactions","decl":{"start":{"line":151,"column":9},"end":{"line":151,"column":24}},"loc":{"start":{"line":151,"column":40},"end":{"line":186,"column":1}},"line":151},"12":{"name":"(anonymous_12)","decl":{"start":{"line":155,"column":46},"end":{"line":155,"column":47}},"loc":{"start":{"line":155,"column":67},"end":{"line":185,"column":5}},"line":155},"13":{"name":"(anonymous_13)","decl":{"start":{"line":189,"column":56},"end":{"line":189,"column":57}},"loc":{"start":{"line":189,"column":69},"end":{"line":206,"column":1}},"line":189},"14":{"name":"(anonymous_14)","decl":{"start":{"line":190,"column":46},"end":{"line":190,"column":47}},"loc":{"start":{"line":190,"column":67},"end":{"line":205,"column":5}},"line":190},"15":{"name":"(anonymous_15)","decl":{"start":{"line":195,"column":28},"end":{"line":195,"column":29}},"loc":{"start":{"line":195,"column":41},"end":{"line":201,"column":13}},"line":195},"16":{"name":"(anonymous_16)","decl":{"start":{"line":209,"column":29},"end":{"line":209,"column":30}},"loc":{"start":{"line":209,"column":42},"end":{"line":218,"column":1}},"line":209},"17":{"name":"(anonymous_17)","decl":{"start":{"line":210,"column":37},"end":{"line":210,"column":38}},"loc":{"start":{"line":210,"column":59},"end":{"line":217,"column":5}},"line":210}},"branchMap":{"0":{"loc":{"start":{"line":17,"column":8},"end":{"line":21,"column":9}},"type":"if","locations":[{"start":{"line":17,"column":8},"end":{"line":21,"column":9}},{"start":{"line":17,"column":8},"end":{"line":21,"column":9}}],"line":17},"1":{"loc":{"start":{"line":33,"column":8},"end":{"line":47,"column":9}},"type":"if","locations":[{"start":{"line":33,"column":8},"end":{"line":47,"column":9}},{"start":{"line":33,"column":8},"end":{"line":47,"column":9}}],"line":33},"2":{"loc":{"start":{"line":37,"column":12},"end":{"line":46,"column":13}},"type":"if","locations":[{"start":{"line":37,"column":12},"end":{"line":46,"column":13}},{"start":{"line":37,"column":12},"end":{"line":46,"column":13}}],"line":37},"3":{"loc":{"start":{"line":68,"column":4},"end":{"line":72,"column":5}},"type":"if","locations":[{"start":{"line":68,"column":4},"end":{"line":72,"column":5}},{"start":{"line":68,"column":4},"end":{"line":72,"column":5}}],"line":68},"4":{"loc":{"start":{"line":84,"column":8},"end":{"line":117,"column":9}},"type":"if","locations":[{"start":{"line":84,"column":8},"end":{"line":117,"column":9}},{"start":{"line":84,"column":8},"end":{"line":117,"column":9}}],"line":84},"5":{"loc":{"start":{"line":102,"column":16},"end":{"line":115,"column":17}},"type":"if","locations":[{"start":{"line":102,"column":16},"end":{"line":115,"column":17}},{"start":{"line":102,"column":16},"end":{"line":115,"column":17}}],"line":102},"6":{"loc":{"start":{"line":138,"column":8},"end":{"line":143,"column":9}},"type":"if","locations":[{"start":{"line":138,"column":8},"end":{"line":143,"column":9}},{"start":{"line":138,"column":8},"end":{"line":143,"column":9}}],"line":138},"7":{"loc":{"start":{"line":156,"column":8},"end":{"line":184,"column":9}},"type":"if","locations":[{"start":{"line":156,"column":8},"end":{"line":184,"column":9}},{"start":{"line":156,"column":8},"end":{"line":184,"column":9}}],"line":156},"8":{"loc":{"start":{"line":163,"column":12},"end":{"line":172,"column":13}},"type":"if","locations":[{"start":{"line":163,"column":12},"end":{"line":172,"column":13}},{"start":{"line":163,"column":12},"end":{"line":172,"column":13}}],"line":163},"9":{"loc":{"start":{"line":191,"column":8},"end":{"line":204,"column":9}},"type":"if","locations":[{"start":{"line":191,"column":8},"end":{"line":204,"column":9}},{"start":{"line":191,"column":8},"end":{"line":204,"column":9}}],"line":191},"10":{"loc":{"start":{"line":193,"column":15},"end":{"line":204,"column":9}},"type":"if","locations":[{"start":{"line":193,"column":15},"end":{"line":204,"column":9}},{"start":{"line":193,"column":15},"end":{"line":204,"column":9}}],"line":193},"11":{"loc":{"start":{"line":196,"column":16},"end":{"line":200,"column":17}},"type":"if","locations":[{"start":{"line":196,"column":16},"end":{"line":200,"column":17}},{"start":{"line":196,"column":16},"end":{"line":200,"column":17}}],"line":196},"12":{"loc":{"start":{"line":211,"column":8},"end":{"line":215,"column":9}},"type":"if","locations":[{"start":{"line":211,"column":8},"end":{"line":215,"column":9}},{"start":{"line":211,"column":8},"end":{"line":215,"column":9}}],"line":211}},"s":{"0":1,"1":1,"2":1,"3":1,"4":1,"5":1,"6":1,"7":1,"8":0,"9":0,"10":0,"11":0,"12":1,"13":0,"14":0,"15":0,"16":0,"17":0,"18":0,"19":1,"20":0,"21":0,"22":0,"23":0,"24":0,"25":0,"26":0,"27":0,"28":0,"29":0,"30":0,"31":0,"32":0,"33":0,"34":0,"35":0,"36":0,"37":1,"38":0,"39":0,"40":0,"41":0,"42":0,"43":0,"44":0,"45":0,"46":0,"47":0,"48":0,"49":0,"50":0,"51":0,"52":0,"53":1,"54":0,"55":0,"56":0,"57":0,"58":0,"59":0,"60":0,"61":0,"62":0,"63":0,"64":1,"65":0,"66":0,"67":0,"68":0,"69":1},"f":{"0":0,"1":0,"2":0,"3":0,"4":0,"5":0,"6":0,"7":0,"8":0,"9":0,"10":0,"11":0,"12":0,"13":0,"14":0,"15":0,"16":0,"17":0},"b":{"0":[0,0],"1":[0,0],"2":[0,0],"3":[0,0],"4":[0,0],"5":[0,0],"6":[0,0],"7":[0,0],"8":[0,0],"9":[0,0],"10":[0,0],"11":[0,0],"12":[0,0]},"_coverageSchema":"d34fc3e6b8297bcde183f5492bcb8fcb36775295","hash":"fd68bed0b759dcd596867fa695f86fb532b46da4","contentHash":"9f43469e9987d337e7c6768cc765757e_12.0.2"},"/home/vagrant/e-tutor/final_cms/api/models/comment.js":{"path":"/home/vagrant/e-tutor/final_cms/api/models/comment.js","statementMap":{"0":{"start":{"line":3,"column":17},"end":{"line":3,"column":36}},"1":{"start":{"line":4,"column":24},"end":{"line":4,"column":54}},"2":{"start":{"line":7,"column":22},"end":{"line":15,"column":2}},"3":{"start":{"line":17,"column":14},"end":{"line":17,"column":54}},"4":{"start":{"line":18,"column":0},"end":{"line":18,"column":32}},"5":{"start":{"line":21,"column":0},"end":{"line":23,"column":2}},"6":{"start":{"line":22,"column":4},"end":{"line":22,"column":29}},"7":{"start":{"line":25,"column":0},"end":{"line":27,"column":2}},"8":{"start":{"line":26,"column":4},"end":{"line":26,"column":30}}},"fnMap":{"0":{"name":"(anonymous_0)","decl":{"start":{"line":21,"column":32},"end":{"line":21,"column":33}},"loc":{"start":{"line":21,"column":51},"end":{"line":23,"column":1}},"line":21},"1":{"name":"(anonymous_1)","decl":{"start":{"line":25,"column":28},"end":{"line":25,"column":29}},"loc":{"start":{"line":25,"column":59},"end":{"line":27,"column":1}},"line":25}},"branchMap":{},"s":{"0":1,"1":1,"2":1,"3":1,"4":1,"5":1,"6":0,"7":1,"8":0},"f":{"0":0,"1":0},"b":{},"_coverageSchema":"d34fc3e6b8297bcde183f5492bcb8fcb36775295","hash":"4a33030e104917d28e2253b37f2f0930bd1fa4aa","contentHash":"527037f3a8177d7108cad30407d7612a_12.0.2"},"/home/vagrant/e-tutor/final_cms/api/models/reviewers.js":{"path":"/home/vagrant/e-tutor/final_cms/api/models/reviewers.js","statementMap":{"0":{"start":{"line":3,"column":17},"end":{"line":3,"column":36}},"1":{"start":{"line":6,"column":23},"end":{"line":10,"column":2}},"2":{"start":{"line":12,"column":14},"end":{"line":12,"column":56}},"3":{"start":{"line":13,"column":0},"end":{"line":13,"column":32}},"4":{"start":{"line":16,"column":0},"end":{"line":18,"column":2}},"5":{"start":{"line":17,"column":4},"end":{"line":17,"column":29}},"6":{"start":{"line":20,"column":0},"end":{"line":22,"column":2}},"7":{"start":{"line":21,"column":4},"end":{"line":21,"column":31}}},"fnMap":{"0":{"name":"(anonymous_0)","decl":{"start":{"line":16,"column":33},"end":{"line":16,"column":34}},"loc":{"start":{"line":16,"column":52},"end":{"line":18,"column":1}},"line":16},"1":{"name":"(anonymous_1)","decl":{"start":{"line":20,"column":29},"end":{"line":20,"column":30}},"loc":{"start":{"line":20,"column":61},"end":{"line":22,"column":1}},"line":20}},"branchMap":{},"s":{"0":1,"1":1,"2":1,"3":1,"4":1,"5":0,"6":1,"7":0},"f":{"0":0,"1":0},"b":{},"_coverageSchema":"d34fc3e6b8297bcde183f5492bcb8fcb36775295","hash":"b9c6cc603b8b138ab973942c3d64ad86b4bd083c","contentHash":"b821ef4ff96e06ca1c9ea243d09f9abc_12.0.2"},"/home/vagrant/e-tutor/final_cms/api/models/discussion.js":{"path":"/home/vagrant/e-tutor/final_cms/api/models/discussion.js","statementMap":{"0":{"start":{"line":3,"column":17},"end":{"line":3,"column":36}},"1":{"start":{"line":4,"column":22},"end":{"line":4,"column":50}},"2":{"start":{"line":7,"column":26},"end":{"line":11,"column":2}},"3":{"start":{"line":13,"column":19},"end":{"line":13,"column":82}},"4":{"start":{"line":14,"column":0},"end":{"line":14,"column":44}},"5":{"start":{"line":17,"column":0},"end":{"line":19,"column":2}},"6":{"start":{"line":18,"column":4},"end":{"line":18,"column":34}},"7":{"start":{"line":22,"column":0},"end":{"line":25,"column":2}},"8":{"start":{"line":23,"column":18},"end":{"line":23,"column":39}},"9":{"start":{"line":24,"column":4},"end":{"line":24,"column":40}},"10":{"start":{"line":33,"column":0},"end":{"line":35,"column":2}},"11":{"start":{"line":34,"column":4},"end":{"line":34,"column":33}},"12":{"start":{"line":38,"column":0},"end":{"line":41,"column":2}},"13":{"start":{"line":39,"column":4},"end":{"line":39,"column":41}},"14":{"start":{"line":40,"column":4},"end":{"line":40,"column":30}}},"fnMap":{"0":{"name":"(anonymous_0)","decl":{"start":{"line":17,"column":35},"end":{"line":17,"column":36}},"loc":{"start":{"line":17,"column":54},"end":{"line":19,"column":1}},"line":17},"1":{"name":"(anonymous_1)","decl":{"start":{"line":22,"column":27},"end":{"line":22,"column":28}},"loc":{"start":{"line":22,"column":56},"end":{"line":25,"column":1}},"line":22},"2":{"name":"(anonymous_2)","decl":{"start":{"line":33,"column":31},"end":{"line":33,"column":32}},"loc":{"start":{"line":33,"column":65},"end":{"line":35,"column":1}},"line":33},"3":{"name":"(anonymous_3)","decl":{"start":{"line":38,"column":28},"end":{"line":38,"column":29}},"loc":{"start":{"line":38,"column":71},"end":{"line":41,"column":1}},"line":38}},"branchMap":{},"s":{"0":1,"1":1,"2":1,"3":1,"4":1,"5":1,"6":0,"7":1,"8":0,"9":0,"10":1,"11":0,"12":1,"13":0,"14":0},"f":{"0":0,"1":0,"2":0,"3":0},"b":{},"_coverageSchema":"d34fc3e6b8297bcde183f5492bcb8fcb36775295","hash":"aa2bf051e67b978654feb42bdaf65aae855fbef3","contentHash":"467274b87c97b0f657e782c38ae77500_12.0.2"},"/home/vagrant/e-tutor/final_cms/api/routes/subjectCategoryRoutes.js":{"path":"/home/vagrant/e-tutor/final_cms/api/routes/subjectCategoryRoutes.js","statementMap":{"0":{"start":{"line":4,"column":16},"end":{"line":4,"column":34}},"1":{"start":{"line":5,"column":15},"end":{"line":5,"column":31}},"2":{"start":{"line":6,"column":17},"end":{"line":6,"column":53}},"3":{"start":{"line":7,"column":17},"end":{"line":7,"column":36}},"4":{"start":{"line":8,"column":20},"end":{"line":8,"column":57}},"5":{"start":{"line":13,"column":0},"end":{"line":23,"column":3}},"6":{"start":{"line":14,"column":4},"end":{"line":22,"column":7}},"7":{"start":{"line":16,"column":8},"end":{"line":21,"column":9}},"8":{"start":{"line":17,"column":12},"end":{"line":17,"column":70}},"9":{"start":{"line":20,"column":12},"end":{"line":20,"column":31}},"10":{"start":{"line":29,"column":0},"end":{"line":29,"column":61}},"11":{"start":{"line":39,"column":4},"end":{"line":42,"column":7}},"12":{"start":{"line":43,"column":4},"end":{"line":43,"column":11}},"13":{"start":{"line":54,"column":4},"end":{"line":60,"column":6}},"14":{"start":{"line":55,"column":8},"end":{"line":59,"column":9}},"15":{"start":{"line":56,"column":12},"end":{"line":56,"column":72}},"16":{"start":{"line":58,"column":12},"end":{"line":58,"column":69}},"17":{"start":{"line":66,"column":0},"end":{"line":75,"column":3}},"18":{"start":{"line":67,"column":4},"end":{"line":74,"column":7}},"19":{"start":{"line":68,"column":8},"end":{"line":72,"column":9}},"20":{"start":{"line":69,"column":12},"end":{"line":69,"column":55}},"21":{"start":{"line":71,"column":12},"end":{"line":71,"column":56}},"22":{"start":{"line":76,"column":0},"end":{"line":76,"column":24}}},"fnMap":{"0":{"name":"(anonymous_0)","decl":{"start":{"line":13,"column":19},"end":{"line":13,"column":20}},"loc":{"start":{"line":13,"column":39},"end":{"line":23,"column":1}},"line":13},"1":{"name":"(anonymous_1)","decl":{"start":{"line":14,"column":30},"end":{"line":14,"column":31}},"loc":{"start":{"line":14,"column":49},"end":{"line":22,"column":5}},"line":14},"2":{"name":"prepareSchema","decl":{"start":{"line":38,"column":10},"end":{"line":38,"column":23}},"loc":{"start":{"line":38,"column":39},"end":{"line":44,"column":1}},"line":38},"3":{"name":"saveCategory","decl":{"start":{"line":53,"column":9},"end":{"line":53,"column":21}},"loc":{"start":{"line":53,"column":37},"end":{"line":61,"column":1}},"line":53},"4":{"name":"(anonymous_4)","decl":{"start":{"line":54,"column":39},"end":{"line":54,"column":40}},"loc":{"start":{"line":54,"column":56},"end":{"line":60,"column":5}},"line":54},"5":{"name":"(anonymous_5)","decl":{"start":{"line":66,"column":49},"end":{"line":66,"column":50}},"loc":{"start":{"line":66,"column":68},"end":{"line":75,"column":1}},"line":66},"6":{"name":"(anonymous_6)","decl":{"start":{"line":67,"column":49},"end":{"line":67,"column":50}},"loc":{"start":{"line":67,"column":67},"end":{"line":74,"column":5}},"line":67}},"branchMap":{"0":{"loc":{"start":{"line":16,"column":8},"end":{"line":21,"column":9}},"type":"if","locations":[{"start":{"line":16,"column":8},"end":{"line":21,"column":9}},{"start":{"line":16,"column":8},"end":{"line":21,"column":9}}],"line":16},"1":{"loc":{"start":{"line":55,"column":8},"end":{"line":59,"column":9}},"type":"if","locations":[{"start":{"line":55,"column":8},"end":{"line":59,"column":9}},{"start":{"line":55,"column":8},"end":{"line":59,"column":9}}],"line":55},"2":{"loc":{"start":{"line":68,"column":8},"end":{"line":72,"column":9}},"type":"if","locations":[{"start":{"line":68,"column":8},"end":{"line":72,"column":9}},{"start":{"line":68,"column":8},"end":{"line":72,"column":9}}],"line":68}},"s":{"0":1,"1":1,"2":1,"3":1,"4":1,"5":1,"6":0,"7":0,"8":0,"9":0,"10":1,"11":0,"12":0,"13":0,"14":0,"15":0,"16":0,"17":1,"18":0,"19":0,"20":0,"21":0,"22":1},"f":{"0":0,"1":0,"2":0,"3":0,"4":0,"5":0,"6":0},"b":{"0":[0,0],"1":[0,0],"2":[0,0]},"_coverageSchema":"d34fc3e6b8297bcde183f5492bcb8fcb36775295","hash":"29e3f29d0cb8f94da35c1269116a7754613d68a0","contentHash":"b46a9f3a16b8de05b235bbfbbb7ff83e_12.0.2"}}